{"/home/wilsonn/www/earvibes/App.tsx": {"path":"/home/wilsonn/www/earvibes/App.tsx","all":true,"statementMap":{"0":{"start":{"line":1,"column":0},"end":{"line":1,"column":31}},"1":{"start":{"line":2,"column":0},"end":{"line":2,"column":44}},"2":{"start":{"line":3,"column":0},"end":{"line":3,"column":35}},"3":{"start":{"line":4,"column":0},"end":{"line":4,"column":49}},"4":{"start":{"line":5,"column":0},"end":{"line":5,"column":59}},"5":{"start":{"line":6,"column":0},"end":{"line":6,"column":65}},"6":{"start":{"line":7,"column":0},"end":{"line":7,"column":47}},"7":{"start":{"line":8,"column":0},"end":{"line":8,"column":55}},"8":{"start":{"line":9,"column":0},"end":{"line":9,"column":52}},"10":{"start":{"line":11,"column":0},"end":{"line":11,"column":62}},"11":{"start":{"line":12,"column":0},"end":{"line":12,"column":63}},"15":{"start":{"line":16,"column":0},"end":{"line":16,"column":56}},"16":{"start":{"line":17,"column":0},"end":{"line":17,"column":32}},"17":{"start":{"line":18,"column":0},"end":{"line":18,"column":45}},"18":{"start":{"line":19,"column":0},"end":{"line":19,"column":28}},"19":{"start":{"line":20,"column":0},"end":{"line":20,"column":2}},"21":{"start":{"line":22,"column":0},"end":{"line":22,"column":66}},"22":{"start":{"line":23,"column":0},"end":{"line":23,"column":56}},"23":{"start":{"line":24,"column":0},"end":{"line":24,"column":61}},"25":{"start":{"line":26,"column":0},"end":{"line":26,"column":19}},"26":{"start":{"line":27,"column":0},"end":{"line":27,"column":49}},"27":{"start":{"line":28,"column":0},"end":{"line":28,"column":51}},"29":{"start":{"line":30,"column":0},"end":{"line":30,"column":52}},"30":{"start":{"line":31,"column":0},"end":{"line":31,"column":54}},"32":{"start":{"line":33,"column":0},"end":{"line":33,"column":18}},"33":{"start":{"line":34,"column":0},"end":{"line":34,"column":57}},"34":{"start":{"line":35,"column":0},"end":{"line":35,"column":59}},"35":{"start":{"line":36,"column":0},"end":{"line":36,"column":6}},"36":{"start":{"line":37,"column":0},"end":{"line":37,"column":9}},"38":{"start":{"line":39,"column":0},"end":{"line":39,"column":10}},"39":{"start":{"line":40,"column":0},"end":{"line":40,"column":102}},"40":{"start":{"line":41,"column":0},"end":{"line":41,"column":75}},"41":{"start":{"line":42,"column":0},"end":{"line":42,"column":15}},"42":{"start":{"line":43,"column":0},"end":{"line":43,"column":23}},"43":{"start":{"line":44,"column":0},"end":{"line":44,"column":115}},"44":{"start":{"line":45,"column":0},"end":{"line":45,"column":26}},"45":{"start":{"line":46,"column":0},"end":{"line":46,"column":39}},"47":{"start":{"line":48,"column":0},"end":{"line":48,"column":156}},"48":{"start":{"line":49,"column":0},"end":{"line":49,"column":68}},"49":{"start":{"line":50,"column":0},"end":{"line":50,"column":16}},"50":{"start":{"line":51,"column":0},"end":{"line":51,"column":96}},"51":{"start":{"line":52,"column":0},"end":{"line":52,"column":17}},"53":{"start":{"line":54,"column":0},"end":{"line":54,"column":49}},"54":{"start":{"line":55,"column":0},"end":{"line":55,"column":25}},"55":{"start":{"line":56,"column":0},"end":{"line":56,"column":16}},"56":{"start":{"line":57,"column":0},"end":{"line":57,"column":148}},"57":{"start":{"line":58,"column":0},"end":{"line":58,"column":41}},"59":{"start":{"line":60,"column":0},"end":{"line":60,"column":71}},"60":{"start":{"line":61,"column":0},"end":{"line":61,"column":75}},"61":{"start":{"line":62,"column":0},"end":{"line":62,"column":37}},"62":{"start":{"line":63,"column":0},"end":{"line":63,"column":21}},"63":{"start":{"line":64,"column":0},"end":{"line":64,"column":18}},"66":{"start":{"line":67,"column":0},"end":{"line":67,"column":12}},"67":{"start":{"line":68,"column":0},"end":{"line":68,"column":56}},"68":{"start":{"line":69,"column":0},"end":{"line":69,"column":27}},"69":{"start":{"line":70,"column":0},"end":{"line":70,"column":37}},"70":{"start":{"line":71,"column":0},"end":{"line":71,"column":77}},"71":{"start":{"line":72,"column":0},"end":{"line":72,"column":42}},"72":{"start":{"line":73,"column":0},"end":{"line":73,"column":37}},"74":{"start":{"line":75,"column":0},"end":{"line":75,"column":62}},"75":{"start":{"line":76,"column":0},"end":{"line":76,"column":16}},"76":{"start":{"line":77,"column":0},"end":{"line":77,"column":48}},"77":{"start":{"line":78,"column":0},"end":{"line":78,"column":24}},"78":{"start":{"line":79,"column":0},"end":{"line":79,"column":25}},"79":{"start":{"line":80,"column":0},"end":{"line":80,"column":33}},"80":{"start":{"line":81,"column":0},"end":{"line":81,"column":25}},"81":{"start":{"line":82,"column":0},"end":{"line":82,"column":35}},"82":{"start":{"line":83,"column":0},"end":{"line":83,"column":29}},"83":{"start":{"line":84,"column":0},"end":{"line":84,"column":35}},"84":{"start":{"line":85,"column":0},"end":{"line":85,"column":36}},"85":{"start":{"line":86,"column":0},"end":{"line":86,"column":32}},"87":{"start":{"line":88,"column":0},"end":{"line":88,"column":46}},"88":{"start":{"line":89,"column":0},"end":{"line":89,"column":323}},"89":{"start":{"line":90,"column":0},"end":{"line":90,"column":18}},"90":{"start":{"line":91,"column":0},"end":{"line":91,"column":14}},"92":{"start":{"line":93,"column":0},"end":{"line":93,"column":42}},"93":{"start":{"line":94,"column":0},"end":{"line":94,"column":19}},"94":{"start":{"line":95,"column":0},"end":{"line":95,"column":30}},"95":{"start":{"line":96,"column":0},"end":{"line":96,"column":32}},"96":{"start":{"line":97,"column":0},"end":{"line":97,"column":43}},"97":{"start":{"line":98,"column":0},"end":{"line":98,"column":38}},"98":{"start":{"line":99,"column":0},"end":{"line":99,"column":35}},"99":{"start":{"line":100,"column":0},"end":{"line":100,"column":17}},"100":{"start":{"line":101,"column":0},"end":{"line":101,"column":16}},"101":{"start":{"line":102,"column":0},"end":{"line":102,"column":333}},"102":{"start":{"line":103,"column":0},"end":{"line":103,"column":53}},"104":{"start":{"line":105,"column":0},"end":{"line":105,"column":49}},"105":{"start":{"line":106,"column":0},"end":{"line":106,"column":49}},"106":{"start":{"line":107,"column":0},"end":{"line":107,"column":51}},"107":{"start":{"line":108,"column":0},"end":{"line":108,"column":45}},"108":{"start":{"line":109,"column":0},"end":{"line":109,"column":21}},"109":{"start":{"line":110,"column":0},"end":{"line":110,"column":162}},"110":{"start":{"line":111,"column":0},"end":{"line":111,"column":18}},"111":{"start":{"line":112,"column":0},"end":{"line":112,"column":35}},"112":{"start":{"line":113,"column":0},"end":{"line":113,"column":27}},"113":{"start":{"line":114,"column":0},"end":{"line":114,"column":35}},"114":{"start":{"line":115,"column":0},"end":{"line":115,"column":37}},"115":{"start":{"line":116,"column":0},"end":{"line":116,"column":33}},"116":{"start":{"line":117,"column":0},"end":{"line":117,"column":34}},"118":{"start":{"line":119,"column":0},"end":{"line":119,"column":57}},"119":{"start":{"line":120,"column":0},"end":{"line":120,"column":88}},"120":{"start":{"line":121,"column":0},"end":{"line":121,"column":20}},"121":{"start":{"line":122,"column":0},"end":{"line":122,"column":18}},"122":{"start":{"line":123,"column":0},"end":{"line":123,"column":16}},"123":{"start":{"line":124,"column":0},"end":{"line":124,"column":14}},"124":{"start":{"line":125,"column":0},"end":{"line":125,"column":12}},"127":{"start":{"line":128,"column":0},"end":{"line":128,"column":21}},"128":{"start":{"line":129,"column":0},"end":{"line":129,"column":139}},"129":{"start":{"line":130,"column":0},"end":{"line":130,"column":31}},"130":{"start":{"line":131,"column":0},"end":{"line":131,"column":14}},"132":{"start":{"line":133,"column":0},"end":{"line":133,"column":13}},"134":{"start":{"line":135,"column":0},"end":{"line":135,"column":2}},"136":{"start":{"line":137,"column":0},"end":{"line":137,"column":16}},"137":{"start":{"line":138,"column":0},"end":{"line":138,"column":33}},"138":{"start":{"line":139,"column":0},"end":{"line":139,"column":57}},"139":{"start":{"line":140,"column":0},"end":{"line":140,"column":16}},"140":{"start":{"line":141,"column":0},"end":{"line":141,"column":25}},"141":{"start":{"line":142,"column":0},"end":{"line":142,"column":21}},"142":{"start":{"line":143,"column":0},"end":{"line":143,"column":29}},"143":{"start":{"line":144,"column":0},"end":{"line":144,"column":20}},"144":{"start":{"line":145,"column":0},"end":{"line":145,"column":19}},"145":{"start":{"line":146,"column":0},"end":{"line":146,"column":22}},"146":{"start":{"line":147,"column":0},"end":{"line":147,"column":24}},"147":{"start":{"line":148,"column":0},"end":{"line":148,"column":13}},"148":{"start":{"line":149,"column":0},"end":{"line":149,"column":13}},"149":{"start":{"line":150,"column":0},"end":{"line":150,"column":21}},"150":{"start":{"line":151,"column":0},"end":{"line":151,"column":5}},"153":{"start":{"line":154,"column":0},"end":{"line":154,"column":19}},"154":{"start":{"line":155,"column":0},"end":{"line":155,"column":25}},"156":{"start":{"line":157,"column":0},"end":{"line":157,"column":59}},"157":{"start":{"line":158,"column":0},"end":{"line":158,"column":61}},"159":{"start":{"line":160,"column":0},"end":{"line":160,"column":66}},"160":{"start":{"line":161,"column":0},"end":{"line":161,"column":24}},"161":{"start":{"line":162,"column":0},"end":{"line":162,"column":35}},"162":{"start":{"line":163,"column":0},"end":{"line":163,"column":20}},"163":{"start":{"line":164,"column":0},"end":{"line":164,"column":35}},"164":{"start":{"line":165,"column":0},"end":{"line":165,"column":29}},"165":{"start":{"line":166,"column":0},"end":{"line":166,"column":14}},"166":{"start":{"line":167,"column":0},"end":{"line":167,"column":9}},"167":{"start":{"line":168,"column":0},"end":{"line":168,"column":9}},"168":{"start":{"line":169,"column":0},"end":{"line":169,"column":5}},"170":{"start":{"line":171,"column":0},"end":{"line":171,"column":18}},"171":{"start":{"line":172,"column":0},"end":{"line":172,"column":24}},"172":{"start":{"line":173,"column":0},"end":{"line":173,"column":6}},"173":{"start":{"line":174,"column":0},"end":{"line":174,"column":45}},"175":{"start":{"line":176,"column":0},"end":{"line":176,"column":53}},"176":{"start":{"line":177,"column":0},"end":{"line":177,"column":29}},"177":{"start":{"line":178,"column":0},"end":{"line":178,"column":14}},"178":{"start":{"line":179,"column":0},"end":{"line":179,"column":12}},"179":{"start":{"line":180,"column":0},"end":{"line":180,"column":23}},"180":{"start":{"line":181,"column":0},"end":{"line":181,"column":22}},"181":{"start":{"line":182,"column":0},"end":{"line":182,"column":8}},"182":{"start":{"line":183,"column":0},"end":{"line":183,"column":4}},"184":{"start":{"line":185,"column":0},"end":{"line":185,"column":52}},"185":{"start":{"line":186,"column":0},"end":{"line":186,"column":29}},"186":{"start":{"line":187,"column":0},"end":{"line":187,"column":14}},"187":{"start":{"line":188,"column":0},"end":{"line":188,"column":27}},"188":{"start":{"line":189,"column":0},"end":{"line":189,"column":26}},"189":{"start":{"line":190,"column":0},"end":{"line":190,"column":8}},"190":{"start":{"line":191,"column":0},"end":{"line":191,"column":4}},"192":{"start":{"line":193,"column":0},"end":{"line":193,"column":52}},"193":{"start":{"line":194,"column":0},"end":{"line":194,"column":69}},"195":{"start":{"line":196,"column":0},"end":{"line":196,"column":29}},"196":{"start":{"line":197,"column":0},"end":{"line":197,"column":14}},"197":{"start":{"line":198,"column":0},"end":{"line":198,"column":24}},"198":{"start":{"line":199,"column":0},"end":{"line":199,"column":41}},"199":{"start":{"line":200,"column":0},"end":{"line":200,"column":22}},"200":{"start":{"line":201,"column":0},"end":{"line":201,"column":26}},"201":{"start":{"line":202,"column":0},"end":{"line":202,"column":8}},"202":{"start":{"line":203,"column":0},"end":{"line":203,"column":4}},"204":{"start":{"line":205,"column":0},"end":{"line":205,"column":27}},"205":{"start":{"line":206,"column":0},"end":{"line":206,"column":33}},"206":{"start":{"line":207,"column":0},"end":{"line":207,"column":38}},"207":{"start":{"line":208,"column":0},"end":{"line":208,"column":4}},"209":{"start":{"line":210,"column":0},"end":{"line":210,"column":33}},"210":{"start":{"line":211,"column":0},"end":{"line":211,"column":33}},"211":{"start":{"line":212,"column":0},"end":{"line":212,"column":65}},"212":{"start":{"line":213,"column":0},"end":{"line":213,"column":38}},"213":{"start":{"line":214,"column":0},"end":{"line":214,"column":4}},"215":{"start":{"line":216,"column":0},"end":{"line":216,"column":28}},"216":{"start":{"line":217,"column":0},"end":{"line":217,"column":18}},"217":{"start":{"line":218,"column":0},"end":{"line":218,"column":18}},"218":{"start":{"line":219,"column":0},"end":{"line":219,"column":27}},"219":{"start":{"line":220,"column":0},"end":{"line":220,"column":23}},"220":{"start":{"line":221,"column":0},"end":{"line":221,"column":31}},"221":{"start":{"line":222,"column":0},"end":{"line":222,"column":22}},"222":{"start":{"line":223,"column":0},"end":{"line":223,"column":21}},"223":{"start":{"line":224,"column":0},"end":{"line":224,"column":24}},"224":{"start":{"line":225,"column":0},"end":{"line":225,"column":26}},"225":{"start":{"line":226,"column":0},"end":{"line":226,"column":15}},"226":{"start":{"line":227,"column":0},"end":{"line":227,"column":15}},"227":{"start":{"line":228,"column":0},"end":{"line":228,"column":23}},"228":{"start":{"line":229,"column":0},"end":{"line":229,"column":7}},"229":{"start":{"line":230,"column":0},"end":{"line":230,"column":4}},"231":{"start":{"line":232,"column":0},"end":{"line":232,"column":10}},"232":{"start":{"line":233,"column":0},"end":{"line":233,"column":99}},"233":{"start":{"line":234,"column":0},"end":{"line":234,"column":17}},"234":{"start":{"line":235,"column":0},"end":{"line":235,"column":36}},"236":{"start":{"line":237,"column":0},"end":{"line":237,"column":111}},"237":{"start":{"line":238,"column":0},"end":{"line":238,"column":41}},"238":{"start":{"line":239,"column":0},"end":{"line":239,"column":24}},"239":{"start":{"line":240,"column":0},"end":{"line":240,"column":45}},"240":{"start":{"line":241,"column":0},"end":{"line":241,"column":51}},"241":{"start":{"line":242,"column":0},"end":{"line":242,"column":12}},"244":{"start":{"line":245,"column":0},"end":{"line":245,"column":43}},"245":{"start":{"line":246,"column":0},"end":{"line":246,"column":22}},"246":{"start":{"line":247,"column":0},"end":{"line":247,"column":45}},"247":{"start":{"line":248,"column":0},"end":{"line":248,"column":31}},"248":{"start":{"line":249,"column":0},"end":{"line":249,"column":31}},"249":{"start":{"line":250,"column":0},"end":{"line":250,"column":43}},"250":{"start":{"line":251,"column":0},"end":{"line":251,"column":12}},"253":{"start":{"line":254,"column":0},"end":{"line":254,"column":74}},"254":{"start":{"line":255,"column":0},"end":{"line":255,"column":27}},"255":{"start":{"line":256,"column":0},"end":{"line":256,"column":43}},"256":{"start":{"line":257,"column":0},"end":{"line":257,"column":31}},"257":{"start":{"line":258,"column":0},"end":{"line":258,"column":39}},"258":{"start":{"line":259,"column":0},"end":{"line":259,"column":12}},"261":{"start":{"line":262,"column":0},"end":{"line":262,"column":43}},"262":{"start":{"line":263,"column":0},"end":{"line":263,"column":44}},"263":{"start":{"line":264,"column":0},"end":{"line":264,"column":47}},"264":{"start":{"line":265,"column":0},"end":{"line":265,"column":19}},"265":{"start":{"line":266,"column":0},"end":{"line":266,"column":33}},"266":{"start":{"line":267,"column":0},"end":{"line":267,"column":39}},"267":{"start":{"line":268,"column":0},"end":{"line":268,"column":31}},"268":{"start":{"line":269,"column":0},"end":{"line":269,"column":41}},"269":{"start":{"line":270,"column":0},"end":{"line":270,"column":12}},"271":{"start":{"line":272,"column":0},"end":{"line":272,"column":13}},"272":{"start":{"line":273,"column":0},"end":{"line":273,"column":10}},"274":{"start":{"line":275,"column":0},"end":{"line":275,"column":1}},"276":{"start":{"line":277,"column":0},"end":{"line":277,"column":19}}},"s":{"0":0,"1":0,"2":0,"3":0,"4":0,"5":0,"6":0,"7":0,"8":0,"10":0,"11":0,"15":0,"16":0,"17":0,"18":0,"19":0,"21":0,"22":0,"23":0,"25":0,"26":0,"27":0,"29":0,"30":0,"32":0,"33":0,"34":0,"35":0,"36":0,"38":0,"39":0,"40":0,"41":0,"42":0,"43":0,"44":0,"45":0,"47":0,"48":0,"49":0,"50":0,"51":0,"53":0,"54":0,"55":0,"56":0,"57":0,"59":0,"60":0,"61":0,"62":0,"63":0,"66":0,"67":0,"68":0,"69":0,"70":0,"71":0,"72":0,"74":0,"75":0,"76":0,"77":0,"78":0,"79":0,"80":0,"81":0,"82":0,"83":0,"84":0,"85":0,"87":0,"88":0,"89":0,"90":0,"92":0,"93":0,"94":0,"95":0,"96":0,"97":0,"98":0,"99":0,"100":0,"101":0,"102":0,"104":0,"105":0,"106":0,"107":0,"108":0,"109":0,"110":0,"111":0,"112":0,"113":0,"114":0,"115":0,"116":0,"118":0,"119":0,"120":0,"121":0,"122":0,"123":0,"124":0,"127":0,"128":0,"129":0,"130":0,"132":0,"134":0,"136":0,"137":0,"138":0,"139":0,"140":0,"141":0,"142":0,"143":0,"144":0,"145":0,"146":0,"147":0,"148":0,"149":0,"150":0,"153":0,"154":0,"156":0,"157":0,"159":0,"160":0,"161":0,"162":0,"163":0,"164":0,"165":0,"166":0,"167":0,"168":0,"170":0,"171":0,"172":0,"173":0,"175":0,"176":0,"177":0,"178":0,"179":0,"180":0,"181":0,"182":0,"184":0,"185":0,"186":0,"187":0,"188":0,"189":0,"190":0,"192":0,"193":0,"195":0,"196":0,"197":0,"198":0,"199":0,"200":0,"201":0,"202":0,"204":0,"205":0,"206":0,"207":0,"209":0,"210":0,"211":0,"212":0,"213":0,"215":0,"216":0,"217":0,"218":0,"219":0,"220":0,"221":0,"222":0,"223":0,"224":0,"225":0,"226":0,"227":0,"228":0,"229":0,"231":0,"232":0,"233":0,"234":0,"236":0,"237":0,"238":0,"239":0,"240":0,"241":0,"244":0,"245":0,"246":0,"247":0,"248":0,"249":0,"250":0,"253":0,"254":0,"255":0,"256":0,"257":0,"258":0,"261":0,"262":0,"263":0,"264":0,"265":0,"266":0,"267":0,"268":0,"269":0,"271":0,"272":0,"274":0,"276":0},"branchMap":{"0":{"type":"branch","line":1,"loc":{"start":{"line":1,"column":0},"end":{"line":277,"column":-4517}},"locations":[{"start":{"line":1,"column":0},"end":{"line":277,"column":-4517}}]}},"b":{"0":[0]},"fnMap":{"0":{"name":"(empty-report)","decl":{"start":{"line":1,"column":0},"end":{"line":277,"column":-4517}},"loc":{"start":{"line":1,"column":0},"end":{"line":277,"column":-4517}},"line":1}},"f":{"0":0}}
,"/home/wilsonn/www/earvibes/constants.ts": {"path":"/home/wilsonn/www/earvibes/constants.ts","all":true,"statementMap":{"0":{"start":{"line":1,"column":0},"end":{"line":1,"column":51}},"2":{"start":{"line":3,"column":0},"end":{"line":3,"column":23}},"3":{"start":{"line":4,"column":0},"end":{"line":4,"column":3}},"4":{"start":{"line":5,"column":0},"end":{"line":5,"column":10}},"5":{"start":{"line":6,"column":0},"end":{"line":6,"column":26}},"6":{"start":{"line":7,"column":0},"end":{"line":7,"column":57}},"7":{"start":{"line":8,"column":0},"end":{"line":8,"column":4}},"8":{"start":{"line":9,"column":0},"end":{"line":9,"column":3}},"9":{"start":{"line":10,"column":0},"end":{"line":10,"column":10}},"10":{"start":{"line":11,"column":0},"end":{"line":11,"column":26}},"11":{"start":{"line":12,"column":0},"end":{"line":12,"column":58}},"12":{"start":{"line":13,"column":0},"end":{"line":13,"column":4}},"13":{"start":{"line":14,"column":0},"end":{"line":14,"column":3}},"14":{"start":{"line":15,"column":0},"end":{"line":15,"column":10}},"15":{"start":{"line":16,"column":0},"end":{"line":16,"column":44}},"16":{"start":{"line":17,"column":0},"end":{"line":17,"column":50}},"17":{"start":{"line":18,"column":0},"end":{"line":18,"column":4}},"18":{"start":{"line":19,"column":0},"end":{"line":19,"column":3}},"19":{"start":{"line":20,"column":0},"end":{"line":20,"column":10}},"20":{"start":{"line":21,"column":0},"end":{"line":21,"column":47}},"21":{"start":{"line":22,"column":0},"end":{"line":22,"column":52}},"22":{"start":{"line":23,"column":0},"end":{"line":23,"column":4}},"23":{"start":{"line":24,"column":0},"end":{"line":24,"column":3}},"24":{"start":{"line":25,"column":0},"end":{"line":25,"column":10}},"25":{"start":{"line":26,"column":0},"end":{"line":26,"column":57}},"26":{"start":{"line":27,"column":0},"end":{"line":27,"column":61}},"27":{"start":{"line":28,"column":0},"end":{"line":28,"column":4}},"28":{"start":{"line":29,"column":0},"end":{"line":29,"column":3}},"29":{"start":{"line":30,"column":0},"end":{"line":30,"column":10}},"30":{"start":{"line":31,"column":0},"end":{"line":31,"column":55}},"31":{"start":{"line":32,"column":0},"end":{"line":32,"column":60}},"32":{"start":{"line":33,"column":0},"end":{"line":33,"column":4}},"33":{"start":{"line":34,"column":0},"end":{"line":34,"column":3}},"34":{"start":{"line":35,"column":0},"end":{"line":35,"column":10}},"35":{"start":{"line":36,"column":0},"end":{"line":36,"column":58}},"36":{"start":{"line":37,"column":0},"end":{"line":37,"column":50}},"37":{"start":{"line":38,"column":0},"end":{"line":38,"column":4}},"38":{"start":{"line":39,"column":0},"end":{"line":39,"column":3}},"39":{"start":{"line":40,"column":0},"end":{"line":40,"column":10}},"40":{"start":{"line":41,"column":0},"end":{"line":41,"column":55}},"41":{"start":{"line":42,"column":0},"end":{"line":42,"column":50}},"42":{"start":{"line":43,"column":0},"end":{"line":43,"column":4}},"43":{"start":{"line":44,"column":0},"end":{"line":44,"column":3}},"44":{"start":{"line":45,"column":0},"end":{"line":45,"column":10}},"45":{"start":{"line":46,"column":0},"end":{"line":46,"column":40}},"46":{"start":{"line":47,"column":0},"end":{"line":47,"column":57}},"47":{"start":{"line":48,"column":0},"end":{"line":48,"column":4}},"48":{"start":{"line":49,"column":0},"end":{"line":49,"column":3}},"49":{"start":{"line":50,"column":0},"end":{"line":50,"column":11}},"50":{"start":{"line":51,"column":0},"end":{"line":51,"column":47}},"51":{"start":{"line":52,"column":0},"end":{"line":52,"column":54}},"52":{"start":{"line":53,"column":0},"end":{"line":53,"column":4}},"53":{"start":{"line":54,"column":0},"end":{"line":54,"column":3}},"54":{"start":{"line":55,"column":0},"end":{"line":55,"column":11}},"55":{"start":{"line":56,"column":0},"end":{"line":56,"column":46}},"56":{"start":{"line":57,"column":0},"end":{"line":57,"column":58}},"57":{"start":{"line":58,"column":0},"end":{"line":58,"column":4}},"58":{"start":{"line":59,"column":0},"end":{"line":59,"column":3}},"59":{"start":{"line":60,"column":0},"end":{"line":60,"column":11}},"60":{"start":{"line":61,"column":0},"end":{"line":61,"column":61}},"61":{"start":{"line":62,"column":0},"end":{"line":62,"column":67}},"62":{"start":{"line":63,"column":0},"end":{"line":63,"column":4}},"63":{"start":{"line":64,"column":0},"end":{"line":64,"column":11}},"65":{"start":{"line":66,"column":0},"end":{"line":66,"column":39}},"66":{"start":{"line":67,"column":0},"end":{"line":67,"column":3}},"67":{"start":{"line":68,"column":0},"end":{"line":68,"column":22}},"68":{"start":{"line":69,"column":0},"end":{"line":69,"column":25}},"69":{"start":{"line":70,"column":0},"end":{"line":70,"column":26}},"70":{"start":{"line":71,"column":0},"end":{"line":71,"column":59}},"71":{"start":{"line":72,"column":0},"end":{"line":72,"column":17}},"72":{"start":{"line":73,"column":0},"end":{"line":73,"column":16}},"73":{"start":{"line":74,"column":0},"end":{"line":74,"column":31}},"74":{"start":{"line":75,"column":0},"end":{"line":75,"column":19}},"75":{"start":{"line":76,"column":0},"end":{"line":76,"column":56}},"76":{"start":{"line":77,"column":0},"end":{"line":77,"column":4}},"77":{"start":{"line":78,"column":0},"end":{"line":78,"column":3}},"78":{"start":{"line":79,"column":0},"end":{"line":79,"column":22}},"79":{"start":{"line":80,"column":0},"end":{"line":80,"column":19}},"80":{"start":{"line":81,"column":0},"end":{"line":81,"column":20}},"81":{"start":{"line":82,"column":0},"end":{"line":82,"column":53}},"82":{"start":{"line":83,"column":0},"end":{"line":83,"column":34}},"83":{"start":{"line":84,"column":0},"end":{"line":84,"column":16}},"84":{"start":{"line":85,"column":0},"end":{"line":85,"column":31}},"85":{"start":{"line":86,"column":0},"end":{"line":86,"column":19}},"86":{"start":{"line":87,"column":0},"end":{"line":87,"column":61}},"87":{"start":{"line":88,"column":0},"end":{"line":88,"column":4}},"88":{"start":{"line":89,"column":0},"end":{"line":89,"column":2}}},"s":{"0":0,"2":0,"3":0,"4":0,"5":0,"6":0,"7":0,"8":0,"9":0,"10":0,"11":0,"12":0,"13":0,"14":0,"15":0,"16":0,"17":0,"18":0,"19":0,"20":0,"21":0,"22":0,"23":0,"24":0,"25":0,"26":0,"27":0,"28":0,"29":0,"30":0,"31":0,"32":0,"33":0,"34":0,"35":0,"36":0,"37":0,"38":0,"39":0,"40":0,"41":0,"42":0,"43":0,"44":0,"45":0,"46":0,"47":0,"48":0,"49":0,"50":0,"51":0,"52":0,"53":0,"54":0,"55":0,"56":0,"57":0,"58":0,"59":0,"60":0,"61":0,"62":0,"63":0,"65":0,"66":0,"67":0,"68":0,"69":0,"70":0,"71":0,"72":0,"73":0,"74":0,"75":0,"76":0,"77":0,"78":0,"79":0,"80":0,"81":0,"82":0,"83":0,"84":0,"85":0,"86":0,"87":0,"88":0},"branchMap":{"0":{"type":"branch","line":1,"loc":{"start":{"line":1,"column":0},"end":{"line":89,"column":-443}},"locations":[{"start":{"line":1,"column":0},"end":{"line":89,"column":-443}}]}},"b":{"0":[0]},"fnMap":{"0":{"name":"(empty-report)","decl":{"start":{"line":1,"column":0},"end":{"line":89,"column":-443}},"loc":{"start":{"line":1,"column":0},"end":{"line":89,"column":-443}},"line":1}},"f":{"0":0}}
,"/home/wilsonn/www/earvibes/index.tsx": {"path":"/home/wilsonn/www/earvibes/index.tsx","all":true,"statementMap":{"0":{"start":{"line":1,"column":0},"end":{"line":1,"column":26}},"1":{"start":{"line":2,"column":0},"end":{"line":2,"column":40}},"2":{"start":{"line":3,"column":0},"end":{"line":3,"column":24}},"3":{"start":{"line":4,"column":0},"end":{"line":4,"column":50}},"6":{"start":{"line":7,"column":0},"end":{"line":7,"column":35}},"7":{"start":{"line":8,"column":0},"end":{"line":8,"column":41}},"8":{"start":{"line":9,"column":0},"end":{"line":9,"column":27}},"9":{"start":{"line":10,"column":0},"end":{"line":10,"column":26}},"10":{"start":{"line":11,"column":0},"end":{"line":11,"column":31}},"11":{"start":{"line":12,"column":0},"end":{"line":12,"column":81}},"12":{"start":{"line":13,"column":0},"end":{"line":13,"column":8}},"13":{"start":{"line":14,"column":0},"end":{"line":14,"column":25}},"14":{"start":{"line":15,"column":0},"end":{"line":15,"column":68}},"15":{"start":{"line":16,"column":0},"end":{"line":16,"column":9}},"16":{"start":{"line":17,"column":0},"end":{"line":17,"column":5}},"17":{"start":{"line":18,"column":0},"end":{"line":18,"column":1}},"19":{"start":{"line":20,"column":0},"end":{"line":20,"column":52}},"20":{"start":{"line":21,"column":0},"end":{"line":21,"column":19}},"21":{"start":{"line":22,"column":0},"end":{"line":22,"column":61}},"22":{"start":{"line":23,"column":0},"end":{"line":23,"column":1}},"24":{"start":{"line":25,"column":0},"end":{"line":25,"column":46}},"25":{"start":{"line":26,"column":0},"end":{"line":26,"column":12}},"26":{"start":{"line":27,"column":0},"end":{"line":27,"column":20}},"27":{"start":{"line":28,"column":0},"end":{"line":28,"column":18}},"28":{"start":{"line":29,"column":0},"end":{"line":29,"column":13}},"29":{"start":{"line":30,"column":0},"end":{"line":30,"column":19}},"30":{"start":{"line":31,"column":0},"end":{"line":31,"column":21}},"31":{"start":{"line":32,"column":0},"end":{"line":32,"column":2}}},"s":{"0":0,"1":0,"2":0,"3":0,"6":0,"7":0,"8":0,"9":0,"10":0,"11":0,"12":0,"13":0,"14":0,"15":0,"16":0,"17":0,"19":0,"20":0,"21":0,"22":0,"24":0,"25":0,"26":0,"27":0,"28":0,"29":0,"30":0,"31":0},"branchMap":{"0":{"type":"branch","line":1,"loc":{"start":{"line":1,"column":0},"end":{"line":32,"column":-321}},"locations":[{"start":{"line":1,"column":0},"end":{"line":32,"column":-321}}]}},"b":{"0":[0]},"fnMap":{"0":{"name":"(empty-report)","decl":{"start":{"line":1,"column":0},"end":{"line":32,"column":-321}},"loc":{"start":{"line":1,"column":0},"end":{"line":32,"column":-321}},"line":1}},"f":{"0":0}}
,"/home/wilsonn/www/earvibes/types.ts": {"path":"/home/wilsonn/www/earvibes/types.ts","all":false,"statementMap":{"0":{"start":{"line":1,"column":0},"end":{"line":1,"column":23}},"1":{"start":{"line":2,"column":0},"end":{"line":2,"column":18}},"2":{"start":{"line":3,"column":0},"end":{"line":3,"column":18}},"3":{"start":{"line":4,"column":0},"end":{"line":4,"column":28}},"4":{"start":{"line":5,"column":0},"end":{"line":5,"column":42}},"5":{"start":{"line":6,"column":0},"end":{"line":6,"column":44}},"6":{"start":{"line":7,"column":0},"end":{"line":7,"column":32}},"7":{"start":{"line":8,"column":0},"end":{"line":8,"column":26}},"8":{"start":{"line":9,"column":0},"end":{"line":9,"column":30}},"9":{"start":{"line":10,"column":0},"end":{"line":10,"column":20}},"10":{"start":{"line":11,"column":0},"end":{"line":11,"column":18}},"11":{"start":{"line":12,"column":0},"end":{"line":12,"column":24}}},"s":{"0":1,"1":1,"2":1,"3":1,"4":1,"5":1,"6":1,"7":1,"8":1,"9":1,"10":1,"11":1},"branchMap":{"0":{"type":"branch","line":1,"loc":{"start":{"line":1,"column":7},"end":{"line":1,"column":23}},"locations":[{"start":{"line":1,"column":7},"end":{"line":1,"column":23}}]}},"b":{"0":[2]},"fnMap":{},"f":{}}
,"/home/wilsonn/www/earvibes/components/Button.tsx": {"path":"/home/wilsonn/www/earvibes/components/Button.tsx","all":true,"statementMap":{"0":{"start":{"line":1,"column":0},"end":{"line":1,"column":31}},"7":{"start":{"line":8,"column":0},"end":{"line":8,"column":47}},"8":{"start":{"line":9,"column":0},"end":{"line":9,"column":11}},"9":{"start":{"line":10,"column":0},"end":{"line":10,"column":22}},"10":{"start":{"line":11,"column":0},"end":{"line":11,"column":20}},"11":{"start":{"line":12,"column":0},"end":{"line":12,"column":17}},"12":{"start":{"line":13,"column":0},"end":{"line":13,"column":10}},"13":{"start":{"line":14,"column":0},"end":{"line":14,"column":7}},"14":{"start":{"line":15,"column":0},"end":{"line":15,"column":20}},"15":{"start":{"line":16,"column":0},"end":{"line":16,"column":197}},"17":{"start":{"line":18,"column":0},"end":{"line":18,"column":20}},"18":{"start":{"line":19,"column":0},"end":{"line":19,"column":12}},"19":{"start":{"line":20,"column":0},"end":{"line":20,"column":106}},"20":{"start":{"line":21,"column":0},"end":{"line":21,"column":81}},"21":{"start":{"line":22,"column":0},"end":{"line":22,"column":12}},"22":{"start":{"line":23,"column":0},"end":{"line":23,"column":110}},"23":{"start":{"line":24,"column":0},"end":{"line":24,"column":72}},"24":{"start":{"line":25,"column":0},"end":{"line":25,"column":79}},"25":{"start":{"line":26,"column":0},"end":{"line":26,"column":4}},"27":{"start":{"line":28,"column":0},"end":{"line":28,"column":47}},"29":{"start":{"line":30,"column":0},"end":{"line":30,"column":10}},"30":{"start":{"line":31,"column":0},"end":{"line":31,"column":99}},"31":{"start":{"line":32,"column":0},"end":{"line":32,"column":16}},"32":{"start":{"line":33,"column":0},"end":{"line":33,"column":13}},"34":{"start":{"line":35,"column":0},"end":{"line":35,"column":2}}},"s":{"0":0,"7":0,"8":0,"9":0,"10":0,"11":0,"12":0,"13":0,"14":0,"15":0,"17":0,"18":0,"19":0,"20":0,"21":0,"22":0,"23":0,"24":0,"25":0,"27":0,"29":0,"30":0,"31":0,"32":0,"34":0},"branchMap":{"0":{"type":"branch","line":1,"loc":{"start":{"line":1,"column":0},"end":{"line":35,"column":-131}},"locations":[{"start":{"line":1,"column":0},"end":{"line":35,"column":-131}}]}},"b":{"0":[0]},"fnMap":{"0":{"name":"(empty-report)","decl":{"start":{"line":1,"column":0},"end":{"line":35,"column":-131}},"loc":{"start":{"line":1,"column":0},"end":{"line":35,"column":-131}},"line":1}},"f":{"0":0}}
,"/home/wilsonn/www/earvibes/components/GameArea.tsx": {"path":"/home/wilsonn/www/earvibes/components/GameArea.tsx","all":true,"statementMap":{"0":{"start":{"line":1,"column":0},"end":{"line":1,"column":31}},"11":{"start":{"line":12,"column":0},"end":{"line":12,"column":65}},"15":{"start":{"line":16,"column":0},"end":{"line":16,"column":85}},"16":{"start":{"line":17,"column":0},"end":{"line":17,"column":7}},"17":{"start":{"line":18,"column":0},"end":{"line":18,"column":196}},"19":{"start":{"line":20,"column":0},"end":{"line":20,"column":21}},"20":{"start":{"line":21,"column":0},"end":{"line":21,"column":9}},"23":{"start":{"line":24,"column":0},"end":{"line":24,"column":24}},"30":{"start":{"line":31,"column":0},"end":{"line":31,"column":86}},"31":{"start":{"line":32,"column":0},"end":{"line":32,"column":33}},"32":{"start":{"line":33,"column":0},"end":{"line":33,"column":34}},"33":{"start":{"line":34,"column":0},"end":{"line":34,"column":52}},"34":{"start":{"line":35,"column":0},"end":{"line":35,"column":22}},"36":{"start":{"line":37,"column":0},"end":{"line":37,"column":10}},"37":{"start":{"line":38,"column":0},"end":{"line":38,"column":179}},"38":{"start":{"line":39,"column":0},"end":{"line":39,"column":64}},"39":{"start":{"line":40,"column":0},"end":{"line":40,"column":15}},"40":{"start":{"line":41,"column":0},"end":{"line":41,"column":29}},"41":{"start":{"line":42,"column":0},"end":{"line":42,"column":26}},"42":{"start":{"line":43,"column":0},"end":{"line":43,"column":121}},"44":{"start":{"line":45,"column":0},"end":{"line":45,"column":24}},"45":{"start":{"line":46,"column":0},"end":{"line":46,"column":19}},"46":{"start":{"line":47,"column":0},"end":{"line":47,"column":101}},"47":{"start":{"line":48,"column":0},"end":{"line":48,"column":12}},"48":{"start":{"line":49,"column":0},"end":{"line":49,"column":28}},"49":{"start":{"line":50,"column":0},"end":{"line":50,"column":17}},"50":{"start":{"line":51,"column":0},"end":{"line":51,"column":67}},"51":{"start":{"line":52,"column":0},"end":{"line":52,"column":46}},"52":{"start":{"line":53,"column":0},"end":{"line":53,"column":14}},"53":{"start":{"line":54,"column":0},"end":{"line":54,"column":12}},"55":{"start":{"line":56,"column":0},"end":{"line":56,"column":64}},"56":{"start":{"line":57,"column":0},"end":{"line":57,"column":15}},"57":{"start":{"line":58,"column":0},"end":{"line":58,"column":23}},"58":{"start":{"line":59,"column":0},"end":{"line":59,"column":26}},"59":{"start":{"line":60,"column":0},"end":{"line":60,"column":192}},"60":{"start":{"line":61,"column":0},"end":{"line":61,"column":41}},"62":{"start":{"line":63,"column":0},"end":{"line":63,"column":64}},"63":{"start":{"line":64,"column":0},"end":{"line":64,"column":17}},"65":{"start":{"line":66,"column":0},"end":{"line":66,"column":15}},"66":{"start":{"line":67,"column":0},"end":{"line":67,"column":23}},"67":{"start":{"line":68,"column":0},"end":{"line":68,"column":32}},"68":{"start":{"line":69,"column":0},"end":{"line":69,"column":166}},"69":{"start":{"line":70,"column":0},"end":{"line":70,"column":39}},"71":{"start":{"line":72,"column":0},"end":{"line":72,"column":152}},"72":{"start":{"line":73,"column":0},"end":{"line":73,"column":27}},"73":{"start":{"line":74,"column":0},"end":{"line":74,"column":17}},"74":{"start":{"line":75,"column":0},"end":{"line":75,"column":76}},"75":{"start":{"line":76,"column":0},"end":{"line":76,"column":24}},"76":{"start":{"line":77,"column":0},"end":{"line":77,"column":17}},"77":{"start":{"line":78,"column":0},"end":{"line":78,"column":85}},"78":{"start":{"line":79,"column":0},"end":{"line":79,"column":12}},"79":{"start":{"line":80,"column":0},"end":{"line":80,"column":17}},"81":{"start":{"line":82,"column":0},"end":{"line":82,"column":149}},"82":{"start":{"line":83,"column":0},"end":{"line":83,"column":100}},"83":{"start":{"line":84,"column":0},"end":{"line":84,"column":68}},"84":{"start":{"line":85,"column":0},"end":{"line":85,"column":14}},"85":{"start":{"line":86,"column":0},"end":{"line":86,"column":12}},"87":{"start":{"line":88,"column":0},"end":{"line":88,"column":94}},"88":{"start":{"line":89,"column":0},"end":{"line":89,"column":93}},"89":{"start":{"line":90,"column":0},"end":{"line":90,"column":12}},"90":{"start":{"line":91,"column":0},"end":{"line":91,"column":10}},"92":{"start":{"line":93,"column":0},"end":{"line":93,"column":2}},"94":{"start":{"line":95,"column":0},"end":{"line":95,"column":33}},"97":{"start":{"line":98,"column":0},"end":{"line":98,"column":33}},"98":{"start":{"line":99,"column":0},"end":{"line":99,"column":33}},"100":{"start":{"line":101,"column":0},"end":{"line":101,"column":10}},"101":{"start":{"line":102,"column":0},"end":{"line":102,"column":70}},"102":{"start":{"line":103,"column":0},"end":{"line":103,"column":38}},"103":{"start":{"line":104,"column":0},"end":{"line":104,"column":12}},"104":{"start":{"line":105,"column":0},"end":{"line":105,"column":174}},"105":{"start":{"line":106,"column":0},"end":{"line":106,"column":15}},"106":{"start":{"line":107,"column":0},"end":{"line":107,"column":15}},"107":{"start":{"line":108,"column":0},"end":{"line":108,"column":26}},"108":{"start":{"line":109,"column":0},"end":{"line":109,"column":40}},"109":{"start":{"line":110,"column":0},"end":{"line":110,"column":318}},"111":{"start":{"line":112,"column":0},"end":{"line":112,"column":97}},"112":{"start":{"line":113,"column":0},"end":{"line":113,"column":64}},"113":{"start":{"line":114,"column":0},"end":{"line":114,"column":47}},"114":{"start":{"line":115,"column":0},"end":{"line":115,"column":17}},"115":{"start":{"line":116,"column":0},"end":{"line":116,"column":91}},"116":{"start":{"line":117,"column":0},"end":{"line":117,"column":75}},"117":{"start":{"line":118,"column":0},"end":{"line":118,"column":17}},"118":{"start":{"line":119,"column":0},"end":{"line":119,"column":17}},"119":{"start":{"line":120,"column":0},"end":{"line":120,"column":12}},"120":{"start":{"line":121,"column":0},"end":{"line":121,"column":87}},"121":{"start":{"line":122,"column":0},"end":{"line":122,"column":32}},"122":{"start":{"line":123,"column":0},"end":{"line":123,"column":10}},"123":{"start":{"line":124,"column":0},"end":{"line":124,"column":10}},"125":{"start":{"line":126,"column":0},"end":{"line":126,"column":2}},"127":{"start":{"line":128,"column":0},"end":{"line":128,"column":22}},"134":{"start":{"line":135,"column":0},"end":{"line":135,"column":85}},"135":{"start":{"line":136,"column":0},"end":{"line":136,"column":33}},"136":{"start":{"line":137,"column":0},"end":{"line":137,"column":24}},"137":{"start":{"line":138,"column":0},"end":{"line":138,"column":99}},"138":{"start":{"line":139,"column":0},"end":{"line":139,"column":22}},"139":{"start":{"line":140,"column":0},"end":{"line":140,"column":38}},"140":{"start":{"line":141,"column":0},"end":{"line":141,"column":66}},"141":{"start":{"line":142,"column":0},"end":{"line":142,"column":18}},"143":{"start":{"line":144,"column":0},"end":{"line":144,"column":10}},"144":{"start":{"line":145,"column":0},"end":{"line":145,"column":57}},"145":{"start":{"line":146,"column":0},"end":{"line":146,"column":13}},"146":{"start":{"line":147,"column":0},"end":{"line":147,"column":21}},"147":{"start":{"line":148,"column":0},"end":{"line":148,"column":42}},"148":{"start":{"line":149,"column":0},"end":{"line":149,"column":359}},"149":{"start":{"line":150,"column":0},"end":{"line":150,"column":87}},"150":{"start":{"line":151,"column":0},"end":{"line":151,"column":89}},"151":{"start":{"line":152,"column":0},"end":{"line":152,"column":104}},"153":{"start":{"line":154,"column":0},"end":{"line":154,"column":130}},"154":{"start":{"line":155,"column":0},"end":{"line":155,"column":23}},"155":{"start":{"line":156,"column":0},"end":{"line":156,"column":15}},"156":{"start":{"line":157,"column":0},"end":{"line":157,"column":45}},"157":{"start":{"line":158,"column":0},"end":{"line":158,"column":15}},"158":{"start":{"line":159,"column":0},"end":{"line":159,"column":89}},"159":{"start":{"line":160,"column":0},"end":{"line":160,"column":39}},"160":{"start":{"line":161,"column":0},"end":{"line":161,"column":11}},"162":{"start":{"line":163,"column":0},"end":{"line":163,"column":17}},"164":{"start":{"line":165,"column":0},"end":{"line":165,"column":89}},"165":{"start":{"line":166,"column":0},"end":{"line":166,"column":53}},"166":{"start":{"line":167,"column":0},"end":{"line":167,"column":24}},"167":{"start":{"line":168,"column":0},"end":{"line":168,"column":33}},"168":{"start":{"line":169,"column":0},"end":{"line":169,"column":106}},"169":{"start":{"line":170,"column":0},"end":{"line":170,"column":12}},"171":{"start":{"line":172,"column":0},"end":{"line":172,"column":15}},"173":{"start":{"line":174,"column":0},"end":{"line":174,"column":41}},"174":{"start":{"line":175,"column":0},"end":{"line":175,"column":72}},"175":{"start":{"line":176,"column":0},"end":{"line":176,"column":17}},"176":{"start":{"line":177,"column":0},"end":{"line":177,"column":25}},"177":{"start":{"line":178,"column":0},"end":{"line":178,"column":29}},"178":{"start":{"line":179,"column":0},"end":{"line":179,"column":34}},"179":{"start":{"line":180,"column":0},"end":{"line":180,"column":35}},"180":{"start":{"line":181,"column":0},"end":{"line":181,"column":14}},"181":{"start":{"line":182,"column":0},"end":{"line":182,"column":141}},"182":{"start":{"line":183,"column":0},"end":{"line":183,"column":41}},"184":{"start":{"line":185,"column":0},"end":{"line":185,"column":186}},"185":{"start":{"line":186,"column":0},"end":{"line":186,"column":79}},"186":{"start":{"line":187,"column":0},"end":{"line":187,"column":92}},"187":{"start":{"line":188,"column":0},"end":{"line":188,"column":19}},"188":{"start":{"line":189,"column":0},"end":{"line":189,"column":26}},"189":{"start":{"line":190,"column":0},"end":{"line":190,"column":32}},"190":{"start":{"line":191,"column":0},"end":{"line":191,"column":152}},"191":{"start":{"line":192,"column":0},"end":{"line":192,"column":14}},"192":{"start":{"line":193,"column":0},"end":{"line":193,"column":19}},"194":{"start":{"line":195,"column":0},"end":{"line":195,"column":10}},"196":{"start":{"line":197,"column":0},"end":{"line":197,"column":2}},"198":{"start":{"line":199,"column":0},"end":{"line":199,"column":30}},"202":{"start":{"line":203,"column":0},"end":{"line":203,"column":61}},"203":{"start":{"line":204,"column":0},"end":{"line":204,"column":67}},"204":{"start":{"line":205,"column":0},"end":{"line":205,"column":42}},"205":{"start":{"line":206,"column":0},"end":{"line":206,"column":4}},"207":{"start":{"line":208,"column":0},"end":{"line":208,"column":10}},"208":{"start":{"line":209,"column":0},"end":{"line":209,"column":73}},"209":{"start":{"line":210,"column":0},"end":{"line":210,"column":44}},"210":{"start":{"line":211,"column":0},"end":{"line":211,"column":15}},"211":{"start":{"line":212,"column":0},"end":{"line":212,"column":23}},"212":{"start":{"line":213,"column":0},"end":{"line":213,"column":27}},"213":{"start":{"line":214,"column":0},"end":{"line":214,"column":46}},"214":{"start":{"line":215,"column":0},"end":{"line":215,"column":42}},"215":{"start":{"line":216,"column":0},"end":{"line":216,"column":306}},"217":{"start":{"line":218,"column":0},"end":{"line":218,"column":24}},"218":{"start":{"line":219,"column":0},"end":{"line":219,"column":42}},"219":{"start":{"line":220,"column":0},"end":{"line":220,"column":72}},"220":{"start":{"line":221,"column":0},"end":{"line":221,"column":12}},"221":{"start":{"line":222,"column":0},"end":{"line":222,"column":23}},"222":{"start":{"line":223,"column":0},"end":{"line":223,"column":17}},"223":{"start":{"line":224,"column":0},"end":{"line":224,"column":9}},"224":{"start":{"line":225,"column":0},"end":{"line":225,"column":10}},"226":{"start":{"line":227,"column":0},"end":{"line":227,"column":2}},"228":{"start":{"line":229,"column":0},"end":{"line":229,"column":31}},"231":{"start":{"line":232,"column":0},"end":{"line":232,"column":39}},"232":{"start":{"line":233,"column":0},"end":{"line":233,"column":33}},"234":{"start":{"line":235,"column":0},"end":{"line":235,"column":67}},"235":{"start":{"line":236,"column":0},"end":{"line":236,"column":42}},"236":{"start":{"line":237,"column":0},"end":{"line":237,"column":4}},"238":{"start":{"line":239,"column":0},"end":{"line":239,"column":10}},"239":{"start":{"line":240,"column":0},"end":{"line":240,"column":50}},"240":{"start":{"line":241,"column":0},"end":{"line":241,"column":13}},"241":{"start":{"line":242,"column":0},"end":{"line":242,"column":26}},"242":{"start":{"line":243,"column":0},"end":{"line":243,"column":41}},"243":{"start":{"line":244,"column":0},"end":{"line":244,"column":17}},"244":{"start":{"line":245,"column":0},"end":{"line":245,"column":91}},"246":{"start":{"line":247,"column":0},"end":{"line":247,"column":26}},"247":{"start":{"line":248,"column":0},"end":{"line":248,"column":35}},"248":{"start":{"line":249,"column":0},"end":{"line":249,"column":24}},"249":{"start":{"line":250,"column":0},"end":{"line":250,"column":21}},"250":{"start":{"line":251,"column":0},"end":{"line":251,"column":113}},"251":{"start":{"line":252,"column":0},"end":{"line":252,"column":12}},"253":{"start":{"line":254,"column":0},"end":{"line":254,"column":15}},"254":{"start":{"line":255,"column":0},"end":{"line":255,"column":115}},"255":{"start":{"line":256,"column":0},"end":{"line":256,"column":98}},"256":{"start":{"line":257,"column":0},"end":{"line":257,"column":24}},"257":{"start":{"line":258,"column":0},"end":{"line":258,"column":12}},"258":{"start":{"line":259,"column":0},"end":{"line":259,"column":10}},"260":{"start":{"line":261,"column":0},"end":{"line":261,"column":2}},"262":{"start":{"line":263,"column":0},"end":{"line":263,"column":100}},"263":{"start":{"line":264,"column":0},"end":{"line":264,"column":33}},"264":{"start":{"line":265,"column":0},"end":{"line":265,"column":25}},"266":{"start":{"line":267,"column":0},"end":{"line":267,"column":10}},"267":{"start":{"line":268,"column":0},"end":{"line":268,"column":8}},"268":{"start":{"line":269,"column":0},"end":{"line":269,"column":19}},"269":{"start":{"line":270,"column":0},"end":{"line":270,"column":23}},"270":{"start":{"line":271,"column":0},"end":{"line":271,"column":114}},"271":{"start":{"line":272,"column":0},"end":{"line":272,"column":23}},"272":{"start":{"line":273,"column":0},"end":{"line":273,"column":25}},"273":{"start":{"line":274,"column":0},"end":{"line":274,"column":33}},"274":{"start":{"line":275,"column":0},"end":{"line":275,"column":20}},"275":{"start":{"line":276,"column":0},"end":{"line":276,"column":9}},"276":{"start":{"line":277,"column":0},"end":{"line":277,"column":8}},"278":{"start":{"line":279,"column":0},"end":{"line":279,"column":10}},"279":{"start":{"line":280,"column":0},"end":{"line":280,"column":21}},"280":{"start":{"line":281,"column":0},"end":{"line":281,"column":25}},"281":{"start":{"line":282,"column":0},"end":{"line":282,"column":44}},"282":{"start":{"line":283,"column":0},"end":{"line":283,"column":111}},"283":{"start":{"line":284,"column":0},"end":{"line":284,"column":44}},"284":{"start":{"line":285,"column":0},"end":{"line":285,"column":27}},"285":{"start":{"line":286,"column":0},"end":{"line":286,"column":35}},"286":{"start":{"line":287,"column":0},"end":{"line":287,"column":22}},"287":{"start":{"line":288,"column":0},"end":{"line":288,"column":11}},"288":{"start":{"line":289,"column":0},"end":{"line":289,"column":10}},"290":{"start":{"line":291,"column":0},"end":{"line":291,"column":89}},"291":{"start":{"line":292,"column":0},"end":{"line":292,"column":79}},"292":{"start":{"line":293,"column":0},"end":{"line":293,"column":37}},"293":{"start":{"line":294,"column":0},"end":{"line":294,"column":15}},"294":{"start":{"line":295,"column":0},"end":{"line":295,"column":94}},"295":{"start":{"line":296,"column":0},"end":{"line":296,"column":16}},"296":{"start":{"line":297,"column":0},"end":{"line":297,"column":48}},"297":{"start":{"line":298,"column":0},"end":{"line":298,"column":33}},"298":{"start":{"line":299,"column":0},"end":{"line":299,"column":25}},"299":{"start":{"line":300,"column":0},"end":{"line":300,"column":33}},"300":{"start":{"line":301,"column":0},"end":{"line":301,"column":35}},"301":{"start":{"line":302,"column":0},"end":{"line":302,"column":32}},"303":{"start":{"line":304,"column":0},"end":{"line":304,"column":47}},"304":{"start":{"line":305,"column":0},"end":{"line":305,"column":19}},"305":{"start":{"line":306,"column":0},"end":{"line":306,"column":37}},"306":{"start":{"line":307,"column":0},"end":{"line":307,"column":38}},"307":{"start":{"line":308,"column":0},"end":{"line":308,"column":31}},"308":{"start":{"line":309,"column":0},"end":{"line":309,"column":40}},"309":{"start":{"line":310,"column":0},"end":{"line":310,"column":16}},"310":{"start":{"line":311,"column":0},"end":{"line":311,"column":18}},"311":{"start":{"line":312,"column":0},"end":{"line":312,"column":19}},"312":{"start":{"line":313,"column":0},"end":{"line":313,"column":14}},"313":{"start":{"line":314,"column":0},"end":{"line":314,"column":58}},"314":{"start":{"line":315,"column":0},"end":{"line":315,"column":60}},"315":{"start":{"line":316,"column":0},"end":{"line":316,"column":21}},"316":{"start":{"line":317,"column":0},"end":{"line":317,"column":94}},"318":{"start":{"line":319,"column":0},"end":{"line":319,"column":19}},"319":{"start":{"line":320,"column":0},"end":{"line":320,"column":87}},"320":{"start":{"line":321,"column":0},"end":{"line":321,"column":50}},"321":{"start":{"line":322,"column":0},"end":{"line":322,"column":50}},"322":{"start":{"line":323,"column":0},"end":{"line":323,"column":50}},"323":{"start":{"line":324,"column":0},"end":{"line":324,"column":19}},"324":{"start":{"line":325,"column":0},"end":{"line":325,"column":22}},"325":{"start":{"line":326,"column":0},"end":{"line":326,"column":21}},"326":{"start":{"line":327,"column":0},"end":{"line":327,"column":94}},"327":{"start":{"line":328,"column":0},"end":{"line":328,"column":50}},"328":{"start":{"line":329,"column":0},"end":{"line":329,"column":19}},"329":{"start":{"line":330,"column":0},"end":{"line":330,"column":54}},"330":{"start":{"line":331,"column":0},"end":{"line":331,"column":82}},"331":{"start":{"line":332,"column":0},"end":{"line":332,"column":57}},"332":{"start":{"line":333,"column":0},"end":{"line":333,"column":97}},"334":{"start":{"line":335,"column":0},"end":{"line":335,"column":24}},"335":{"start":{"line":336,"column":0},"end":{"line":336,"column":22}},"336":{"start":{"line":337,"column":0},"end":{"line":337,"column":82}},"337":{"start":{"line":338,"column":0},"end":{"line":338,"column":24}},"338":{"start":{"line":339,"column":0},"end":{"line":339,"column":57}},"339":{"start":{"line":340,"column":0},"end":{"line":340,"column":30}},"340":{"start":{"line":341,"column":0},"end":{"line":341,"column":97}},"342":{"start":{"line":343,"column":0},"end":{"line":343,"column":24}},"343":{"start":{"line":344,"column":0},"end":{"line":344,"column":22}},"344":{"start":{"line":345,"column":0},"end":{"line":345,"column":82}},"345":{"start":{"line":346,"column":0},"end":{"line":346,"column":52}},"346":{"start":{"line":347,"column":0},"end":{"line":347,"column":97}},"348":{"start":{"line":349,"column":0},"end":{"line":349,"column":24}},"349":{"start":{"line":350,"column":0},"end":{"line":350,"column":22}},"350":{"start":{"line":351,"column":0},"end":{"line":351,"column":82}},"351":{"start":{"line":352,"column":0},"end":{"line":352,"column":53}},"352":{"start":{"line":353,"column":0},"end":{"line":353,"column":97}},"354":{"start":{"line":355,"column":0},"end":{"line":355,"column":24}},"355":{"start":{"line":356,"column":0},"end":{"line":356,"column":22}},"356":{"start":{"line":357,"column":0},"end":{"line":357,"column":20}},"357":{"start":{"line":358,"column":0},"end":{"line":358,"column":57}},"358":{"start":{"line":359,"column":0},"end":{"line":359,"column":24}},"359":{"start":{"line":360,"column":0},"end":{"line":360,"column":98}},"361":{"start":{"line":362,"column":0},"end":{"line":362,"column":22}},"363":{"start":{"line":364,"column":0},"end":{"line":364,"column":98}},"365":{"start":{"line":366,"column":0},"end":{"line":366,"column":27}},"367":{"start":{"line":368,"column":0},"end":{"line":368,"column":22}},"368":{"start":{"line":369,"column":0},"end":{"line":369,"column":24}},"369":{"start":{"line":370,"column":0},"end":{"line":370,"column":98}},"371":{"start":{"line":372,"column":0},"end":{"line":372,"column":22}},"373":{"start":{"line":374,"column":0},"end":{"line":374,"column":98}},"375":{"start":{"line":376,"column":0},"end":{"line":376,"column":27}},"377":{"start":{"line":378,"column":0},"end":{"line":378,"column":18}},"378":{"start":{"line":379,"column":0},"end":{"line":379,"column":22}},"379":{"start":{"line":380,"column":0},"end":{"line":380,"column":21}},"380":{"start":{"line":381,"column":0},"end":{"line":381,"column":94}},"381":{"start":{"line":382,"column":0},"end":{"line":382,"column":49}},"382":{"start":{"line":383,"column":0},"end":{"line":383,"column":19}},"383":{"start":{"line":384,"column":0},"end":{"line":384,"column":53}},"384":{"start":{"line":385,"column":0},"end":{"line":385,"column":22}},"385":{"start":{"line":386,"column":0},"end":{"line":386,"column":16}},"386":{"start":{"line":387,"column":0},"end":{"line":387,"column":14}},"387":{"start":{"line":388,"column":0},"end":{"line":388,"column":83}},"388":{"start":{"line":389,"column":0},"end":{"line":389,"column":64}},"389":{"start":{"line":390,"column":0},"end":{"line":390,"column":35}},"390":{"start":{"line":391,"column":0},"end":{"line":391,"column":19}},"391":{"start":{"line":392,"column":0},"end":{"line":392,"column":14}},"392":{"start":{"line":393,"column":0},"end":{"line":393,"column":12}},"393":{"start":{"line":394,"column":0},"end":{"line":394,"column":10}},"395":{"start":{"line":396,"column":0},"end":{"line":396,"column":2}},"397":{"start":{"line":398,"column":0},"end":{"line":398,"column":30}},"401":{"start":{"line":402,"column":0},"end":{"line":402,"column":42}},"402":{"start":{"line":403,"column":0},"end":{"line":403,"column":33}},"404":{"start":{"line":405,"column":0},"end":{"line":405,"column":10}},"405":{"start":{"line":406,"column":0},"end":{"line":406,"column":139}},"406":{"start":{"line":407,"column":0},"end":{"line":407,"column":62}},"407":{"start":{"line":408,"column":0},"end":{"line":408,"column":77}},"408":{"start":{"line":409,"column":0},"end":{"line":409,"column":46}},"409":{"start":{"line":410,"column":0},"end":{"line":410,"column":13}},"410":{"start":{"line":411,"column":0},"end":{"line":411,"column":89}},"411":{"start":{"line":412,"column":0},"end":{"line":412,"column":12}},"413":{"start":{"line":414,"column":0},"end":{"line":414,"column":100}},"414":{"start":{"line":415,"column":0},"end":{"line":415,"column":20}},"415":{"start":{"line":416,"column":0},"end":{"line":416,"column":89}},"416":{"start":{"line":417,"column":0},"end":{"line":417,"column":85}},"417":{"start":{"line":418,"column":0},"end":{"line":418,"column":108}},"418":{"start":{"line":419,"column":0},"end":{"line":419,"column":108}},"419":{"start":{"line":420,"column":0},"end":{"line":420,"column":46}},"420":{"start":{"line":421,"column":0},"end":{"line":421,"column":16}},"422":{"start":{"line":423,"column":0},"end":{"line":423,"column":80}},"423":{"start":{"line":424,"column":0},"end":{"line":424,"column":70}},"424":{"start":{"line":425,"column":0},"end":{"line":425,"column":16}},"426":{"start":{"line":427,"column":0},"end":{"line":427,"column":12}},"428":{"start":{"line":429,"column":0},"end":{"line":429,"column":13}},"429":{"start":{"line":430,"column":0},"end":{"line":430,"column":24}},"430":{"start":{"line":431,"column":0},"end":{"line":431,"column":17}},"431":{"start":{"line":432,"column":0},"end":{"line":432,"column":25}},"432":{"start":{"line":433,"column":0},"end":{"line":433,"column":51}},"434":{"start":{"line":435,"column":0},"end":{"line":435,"column":24}},"435":{"start":{"line":436,"column":0},"end":{"line":436,"column":22}},"436":{"start":{"line":437,"column":0},"end":{"line":437,"column":19}},"437":{"start":{"line":438,"column":0},"end":{"line":438,"column":111}},"438":{"start":{"line":439,"column":0},"end":{"line":439,"column":10}},"439":{"start":{"line":440,"column":0},"end":{"line":440,"column":15}},"440":{"start":{"line":441,"column":0},"end":{"line":441,"column":10}},"442":{"start":{"line":443,"column":0},"end":{"line":443,"column":2}},"454":{"start":{"line":455,"column":0},"end":{"line":455,"column":65}},"455":{"start":{"line":456,"column":0},"end":{"line":456,"column":40}},"456":{"start":{"line":457,"column":0},"end":{"line":457,"column":2}},"458":{"start":{"line":459,"column":0},"end":{"line":459,"column":96}},"459":{"start":{"line":460,"column":0},"end":{"line":460,"column":41}},"460":{"start":{"line":461,"column":0},"end":{"line":461,"column":98}},"461":{"start":{"line":462,"column":0},"end":{"line":462,"column":64}},"462":{"start":{"line":463,"column":0},"end":{"line":463,"column":73}},"463":{"start":{"line":464,"column":0},"end":{"line":464,"column":75}},"464":{"start":{"line":465,"column":0},"end":{"line":465,"column":50}},"467":{"start":{"line":468,"column":0},"end":{"line":468,"column":19}},"468":{"start":{"line":469,"column":0},"end":{"line":469,"column":42}},"469":{"start":{"line":470,"column":0},"end":{"line":470,"column":22}},"471":{"start":{"line":472,"column":0},"end":{"line":472,"column":48}},"472":{"start":{"line":473,"column":0},"end":{"line":473,"column":65}},"473":{"start":{"line":474,"column":0},"end":{"line":474,"column":56}},"474":{"start":{"line":475,"column":0},"end":{"line":475,"column":58}},"475":{"start":{"line":476,"column":0},"end":{"line":476,"column":56}},"476":{"start":{"line":477,"column":0},"end":{"line":477,"column":22}},"478":{"start":{"line":479,"column":0},"end":{"line":479,"column":40}},"479":{"start":{"line":480,"column":0},"end":{"line":480,"column":28}},"480":{"start":{"line":481,"column":0},"end":{"line":481,"column":18}},"481":{"start":{"line":482,"column":0},"end":{"line":482,"column":68}},"482":{"start":{"line":483,"column":0},"end":{"line":483,"column":19}},"483":{"start":{"line":484,"column":0},"end":{"line":484,"column":67}},"484":{"start":{"line":485,"column":0},"end":{"line":485,"column":14}},"485":{"start":{"line":486,"column":0},"end":{"line":486,"column":69}},"486":{"start":{"line":487,"column":0},"end":{"line":487,"column":5}},"487":{"start":{"line":488,"column":0},"end":{"line":488,"column":4}},"489":{"start":{"line":490,"column":0},"end":{"line":490,"column":61}},"490":{"start":{"line":491,"column":0},"end":{"line":491,"column":69}},"492":{"start":{"line":493,"column":0},"end":{"line":493,"column":59}},"493":{"start":{"line":494,"column":0},"end":{"line":494,"column":28}},"495":{"start":{"line":496,"column":0},"end":{"line":496,"column":20}},"496":{"start":{"line":497,"column":0},"end":{"line":497,"column":37}},"497":{"start":{"line":498,"column":0},"end":{"line":498,"column":49}},"498":{"start":{"line":499,"column":0},"end":{"line":499,"column":52}},"501":{"start":{"line":502,"column":0},"end":{"line":502,"column":33}},"502":{"start":{"line":503,"column":0},"end":{"line":503,"column":31}},"503":{"start":{"line":504,"column":0},"end":{"line":504,"column":32}},"504":{"start":{"line":505,"column":0},"end":{"line":505,"column":30}},"505":{"start":{"line":506,"column":0},"end":{"line":506,"column":5}},"508":{"start":{"line":509,"column":0},"end":{"line":509,"column":29}},"509":{"start":{"line":510,"column":0},"end":{"line":510,"column":31}},"510":{"start":{"line":511,"column":0},"end":{"line":511,"column":62}},"511":{"start":{"line":512,"column":0},"end":{"line":512,"column":28}},"514":{"start":{"line":515,"column":0},"end":{"line":515,"column":74}},"515":{"start":{"line":516,"column":0},"end":{"line":516,"column":9}},"516":{"start":{"line":517,"column":0},"end":{"line":517,"column":53}},"517":{"start":{"line":518,"column":0},"end":{"line":518,"column":17}},"518":{"start":{"line":519,"column":0},"end":{"line":519,"column":42}},"519":{"start":{"line":520,"column":0},"end":{"line":520,"column":31}},"520":{"start":{"line":521,"column":0},"end":{"line":521,"column":62}},"521":{"start":{"line":522,"column":0},"end":{"line":522,"column":5}},"522":{"start":{"line":523,"column":0},"end":{"line":523,"column":72}},"524":{"start":{"line":525,"column":0},"end":{"line":525,"column":38}},"525":{"start":{"line":526,"column":0},"end":{"line":526,"column":50}},"526":{"start":{"line":527,"column":0},"end":{"line":527,"column":35}},"527":{"start":{"line":528,"column":0},"end":{"line":528,"column":34}},"528":{"start":{"line":529,"column":0},"end":{"line":529,"column":19}},"529":{"start":{"line":530,"column":0},"end":{"line":530,"column":29}},"530":{"start":{"line":531,"column":0},"end":{"line":531,"column":41}},"531":{"start":{"line":532,"column":0},"end":{"line":532,"column":8}},"532":{"start":{"line":533,"column":0},"end":{"line":533,"column":47}},"533":{"start":{"line":534,"column":0},"end":{"line":534,"column":6}},"534":{"start":{"line":535,"column":0},"end":{"line":535,"column":51}},"535":{"start":{"line":536,"column":0},"end":{"line":536,"column":4}},"537":{"start":{"line":538,"column":0},"end":{"line":538,"column":40}},"538":{"start":{"line":539,"column":0},"end":{"line":539,"column":30}},"539":{"start":{"line":540,"column":0},"end":{"line":540,"column":58}},"540":{"start":{"line":541,"column":0},"end":{"line":541,"column":35}},"541":{"start":{"line":542,"column":0},"end":{"line":542,"column":44}},"542":{"start":{"line":543,"column":0},"end":{"line":543,"column":42}},"543":{"start":{"line":544,"column":0},"end":{"line":544,"column":35}},"544":{"start":{"line":545,"column":0},"end":{"line":545,"column":7}},"545":{"start":{"line":546,"column":0},"end":{"line":546,"column":6}},"546":{"start":{"line":547,"column":0},"end":{"line":547,"column":19}},"547":{"start":{"line":548,"column":0},"end":{"line":548,"column":4}},"549":{"start":{"line":550,"column":0},"end":{"line":550,"column":38}},"550":{"start":{"line":551,"column":0},"end":{"line":551,"column":30}},"551":{"start":{"line":552,"column":0},"end":{"line":552,"column":44}},"552":{"start":{"line":553,"column":0},"end":{"line":553,"column":47}},"553":{"start":{"line":554,"column":0},"end":{"line":554,"column":50}},"554":{"start":{"line":555,"column":0},"end":{"line":555,"column":15}},"555":{"start":{"line":556,"column":0},"end":{"line":556,"column":7}},"556":{"start":{"line":557,"column":0},"end":{"line":557,"column":42}},"557":{"start":{"line":558,"column":0},"end":{"line":558,"column":29}},"558":{"start":{"line":559,"column":0},"end":{"line":559,"column":33}},"559":{"start":{"line":560,"column":0},"end":{"line":560,"column":6}},"560":{"start":{"line":561,"column":0},"end":{"line":561,"column":54}},"561":{"start":{"line":562,"column":0},"end":{"line":562,"column":4}},"563":{"start":{"line":564,"column":0},"end":{"line":564,"column":38}},"564":{"start":{"line":565,"column":0},"end":{"line":565,"column":30}},"565":{"start":{"line":566,"column":0},"end":{"line":566,"column":50}},"566":{"start":{"line":567,"column":0},"end":{"line":567,"column":42}},"567":{"start":{"line":568,"column":0},"end":{"line":568,"column":29}},"568":{"start":{"line":569,"column":0},"end":{"line":569,"column":33}},"569":{"start":{"line":570,"column":0},"end":{"line":570,"column":6}},"570":{"start":{"line":571,"column":0},"end":{"line":571,"column":37}},"571":{"start":{"line":572,"column":0},"end":{"line":572,"column":4}},"573":{"start":{"line":574,"column":0},"end":{"line":574,"column":63}},"574":{"start":{"line":575,"column":0},"end":{"line":575,"column":39}},"577":{"start":{"line":578,"column":0},"end":{"line":578,"column":38}},"578":{"start":{"line":579,"column":0},"end":{"line":579,"column":90}},"580":{"start":{"line":581,"column":0},"end":{"line":581,"column":79}},"582":{"start":{"line":583,"column":0},"end":{"line":583,"column":29}},"583":{"start":{"line":584,"column":0},"end":{"line":584,"column":62}},"585":{"start":{"line":586,"column":0},"end":{"line":586,"column":22}},"586":{"start":{"line":587,"column":0},"end":{"line":587,"column":20}},"587":{"start":{"line":588,"column":0},"end":{"line":588,"column":68}},"588":{"start":{"line":589,"column":0},"end":{"line":589,"column":39}},"589":{"start":{"line":590,"column":0},"end":{"line":590,"column":12}},"590":{"start":{"line":591,"column":0},"end":{"line":591,"column":37}},"591":{"start":{"line":592,"column":0},"end":{"line":592,"column":23}},"592":{"start":{"line":593,"column":0},"end":{"line":593,"column":20}},"593":{"start":{"line":594,"column":0},"end":{"line":594,"column":49}},"594":{"start":{"line":595,"column":0},"end":{"line":595,"column":10}},"595":{"start":{"line":596,"column":0},"end":{"line":596,"column":14}},"596":{"start":{"line":597,"column":0},"end":{"line":597,"column":8}},"597":{"start":{"line":598,"column":0},"end":{"line":598,"column":5}},"599":{"start":{"line":600,"column":0},"end":{"line":600,"column":29}},"600":{"start":{"line":601,"column":0},"end":{"line":601,"column":14}},"601":{"start":{"line":602,"column":0},"end":{"line":602,"column":32}},"602":{"start":{"line":603,"column":0},"end":{"line":603,"column":25}},"603":{"start":{"line":604,"column":0},"end":{"line":604,"column":8}},"604":{"start":{"line":605,"column":0},"end":{"line":605,"column":30}},"605":{"start":{"line":606,"column":0},"end":{"line":606,"column":94}},"607":{"start":{"line":608,"column":0},"end":{"line":608,"column":59}},"608":{"start":{"line":609,"column":0},"end":{"line":609,"column":47}},"609":{"start":{"line":610,"column":0},"end":{"line":610,"column":29}},"610":{"start":{"line":611,"column":0},"end":{"line":611,"column":18}},"611":{"start":{"line":612,"column":0},"end":{"line":612,"column":20}},"614":{"start":{"line":615,"column":0},"end":{"line":615,"column":37}},"615":{"start":{"line":616,"column":0},"end":{"line":616,"column":36}},"616":{"start":{"line":617,"column":0},"end":{"line":617,"column":21}},"617":{"start":{"line":618,"column":0},"end":{"line":618,"column":51}},"618":{"start":{"line":619,"column":0},"end":{"line":619,"column":20}},"619":{"start":{"line":620,"column":0},"end":{"line":620,"column":7}},"620":{"start":{"line":621,"column":0},"end":{"line":621,"column":26}},"621":{"start":{"line":622,"column":0},"end":{"line":622,"column":26}},"622":{"start":{"line":623,"column":0},"end":{"line":623,"column":20}},"623":{"start":{"line":624,"column":0},"end":{"line":624,"column":7}},"624":{"start":{"line":625,"column":0},"end":{"line":625,"column":19}},"625":{"start":{"line":626,"column":0},"end":{"line":626,"column":6}},"626":{"start":{"line":627,"column":0},"end":{"line":627,"column":14}},"627":{"start":{"line":628,"column":0},"end":{"line":628,"column":4}},"629":{"start":{"line":630,"column":0},"end":{"line":630,"column":39}},"630":{"start":{"line":631,"column":0},"end":{"line":631,"column":36}},"631":{"start":{"line":632,"column":0},"end":{"line":632,"column":38}},"633":{"start":{"line":634,"column":0},"end":{"line":634,"column":29}},"634":{"start":{"line":635,"column":0},"end":{"line":635,"column":17}},"635":{"start":{"line":636,"column":0},"end":{"line":636,"column":20}},"636":{"start":{"line":637,"column":0},"end":{"line":637,"column":7}},"638":{"start":{"line":639,"column":0},"end":{"line":639,"column":24}},"639":{"start":{"line":640,"column":0},"end":{"line":640,"column":23}},"640":{"start":{"line":641,"column":0},"end":{"line":641,"column":20}},"641":{"start":{"line":642,"column":0},"end":{"line":642,"column":7}},"643":{"start":{"line":644,"column":0},"end":{"line":644,"column":19}},"644":{"start":{"line":645,"column":0},"end":{"line":645,"column":6}},"645":{"start":{"line":646,"column":0},"end":{"line":646,"column":26}},"646":{"start":{"line":647,"column":0},"end":{"line":647,"column":4}},"648":{"start":{"line":649,"column":0},"end":{"line":649,"column":41}},"649":{"start":{"line":650,"column":0},"end":{"line":650,"column":36}},"650":{"start":{"line":651,"column":0},"end":{"line":651,"column":56}},"652":{"start":{"line":653,"column":0},"end":{"line":653,"column":38}},"653":{"start":{"line":654,"column":0},"end":{"line":654,"column":26}},"655":{"start":{"line":656,"column":0},"end":{"line":656,"column":43}},"656":{"start":{"line":657,"column":0},"end":{"line":657,"column":27}},"657":{"start":{"line":658,"column":0},"end":{"line":658,"column":34}},"658":{"start":{"line":659,"column":0},"end":{"line":659,"column":20}},"659":{"start":{"line":660,"column":0},"end":{"line":660,"column":7}},"661":{"start":{"line":662,"column":0},"end":{"line":662,"column":68}},"662":{"start":{"line":663,"column":0},"end":{"line":663,"column":64}},"663":{"start":{"line":664,"column":0},"end":{"line":664,"column":25}},"664":{"start":{"line":665,"column":0},"end":{"line":665,"column":47}},"665":{"start":{"line":666,"column":0},"end":{"line":666,"column":52}},"666":{"start":{"line":667,"column":0},"end":{"line":667,"column":16}},"667":{"start":{"line":668,"column":0},"end":{"line":668,"column":80}},"668":{"start":{"line":669,"column":0},"end":{"line":669,"column":58}},"669":{"start":{"line":670,"column":0},"end":{"line":670,"column":9}},"670":{"start":{"line":671,"column":0},"end":{"line":671,"column":20}},"671":{"start":{"line":672,"column":0},"end":{"line":672,"column":7}},"673":{"start":{"line":674,"column":0},"end":{"line":674,"column":24}},"674":{"start":{"line":675,"column":0},"end":{"line":675,"column":21}},"675":{"start":{"line":676,"column":0},"end":{"line":676,"column":20}},"676":{"start":{"line":677,"column":0},"end":{"line":677,"column":7}},"678":{"start":{"line":679,"column":0},"end":{"line":679,"column":19}},"679":{"start":{"line":680,"column":0},"end":{"line":680,"column":6}},"680":{"start":{"line":681,"column":0},"end":{"line":681,"column":5}},"681":{"start":{"line":682,"column":0},"end":{"line":682,"column":23}},"682":{"start":{"line":683,"column":0},"end":{"line":683,"column":35}},"683":{"start":{"line":684,"column":0},"end":{"line":684,"column":20}},"684":{"start":{"line":685,"column":0},"end":{"line":685,"column":30}},"685":{"start":{"line":686,"column":0},"end":{"line":686,"column":17}},"686":{"start":{"line":687,"column":0},"end":{"line":687,"column":22}},"687":{"start":{"line":688,"column":0},"end":{"line":688,"column":5}},"688":{"start":{"line":689,"column":0},"end":{"line":689,"column":4}},"690":{"start":{"line":691,"column":0},"end":{"line":691,"column":37}},"691":{"start":{"line":692,"column":0},"end":{"line":692,"column":36}},"692":{"start":{"line":693,"column":0},"end":{"line":693,"column":38}},"693":{"start":{"line":694,"column":0},"end":{"line":694,"column":26}},"695":{"start":{"line":696,"column":0},"end":{"line":696,"column":24}},"696":{"start":{"line":697,"column":0},"end":{"line":697,"column":21}},"697":{"start":{"line":698,"column":0},"end":{"line":698,"column":20}},"698":{"start":{"line":699,"column":0},"end":{"line":699,"column":7}},"700":{"start":{"line":701,"column":0},"end":{"line":701,"column":28}},"701":{"start":{"line":702,"column":0},"end":{"line":702,"column":27}},"702":{"start":{"line":703,"column":0},"end":{"line":703,"column":36}},"703":{"start":{"line":704,"column":0},"end":{"line":704,"column":25}},"704":{"start":{"line":705,"column":0},"end":{"line":705,"column":9}},"705":{"start":{"line":706,"column":0},"end":{"line":706,"column":20}},"706":{"start":{"line":707,"column":0},"end":{"line":707,"column":7}},"708":{"start":{"line":709,"column":0},"end":{"line":709,"column":47}},"709":{"start":{"line":710,"column":0},"end":{"line":710,"column":27}},"710":{"start":{"line":711,"column":0},"end":{"line":711,"column":80}},"711":{"start":{"line":712,"column":0},"end":{"line":712,"column":49}},"712":{"start":{"line":713,"column":0},"end":{"line":713,"column":15}},"714":{"start":{"line":715,"column":0},"end":{"line":715,"column":37}},"715":{"start":{"line":716,"column":0},"end":{"line":716,"column":43}},"716":{"start":{"line":717,"column":0},"end":{"line":717,"column":9}},"717":{"start":{"line":718,"column":0},"end":{"line":718,"column":20}},"718":{"start":{"line":719,"column":0},"end":{"line":719,"column":7}},"720":{"start":{"line":721,"column":0},"end":{"line":721,"column":68}},"721":{"start":{"line":722,"column":0},"end":{"line":722,"column":69}},"722":{"start":{"line":723,"column":0},"end":{"line":723,"column":20}},"723":{"start":{"line":724,"column":0},"end":{"line":724,"column":7}},"725":{"start":{"line":726,"column":0},"end":{"line":726,"column":54}},"726":{"start":{"line":727,"column":0},"end":{"line":727,"column":78}},"727":{"start":{"line":728,"column":0},"end":{"line":728,"column":66}},"728":{"start":{"line":729,"column":0},"end":{"line":729,"column":33}},"729":{"start":{"line":730,"column":0},"end":{"line":730,"column":20}},"730":{"start":{"line":731,"column":0},"end":{"line":731,"column":7}},"732":{"start":{"line":733,"column":0},"end":{"line":733,"column":19}},"733":{"start":{"line":734,"column":0},"end":{"line":734,"column":6}},"734":{"start":{"line":735,"column":0},"end":{"line":735,"column":98}},"735":{"start":{"line":736,"column":0},"end":{"line":736,"column":4}},"738":{"start":{"line":739,"column":0},"end":{"line":739,"column":19}},"739":{"start":{"line":740,"column":0},"end":{"line":740,"column":49}},"740":{"start":{"line":741,"column":0},"end":{"line":741,"column":98}},"742":{"start":{"line":743,"column":0},"end":{"line":743,"column":36}},"743":{"start":{"line":744,"column":0},"end":{"line":744,"column":38}},"744":{"start":{"line":745,"column":0},"end":{"line":745,"column":40}},"745":{"start":{"line":746,"column":0},"end":{"line":746,"column":36}},"746":{"start":{"line":747,"column":0},"end":{"line":747,"column":6}},"748":{"start":{"line":749,"column":0},"end":{"line":749,"column":54}},"749":{"start":{"line":750,"column":0},"end":{"line":750,"column":70}},"750":{"start":{"line":751,"column":0},"end":{"line":751,"column":77}},"752":{"start":{"line":753,"column":0},"end":{"line":753,"column":10}},"753":{"start":{"line":754,"column":0},"end":{"line":754,"column":77}},"754":{"start":{"line":755,"column":0},"end":{"line":755,"column":13}},"755":{"start":{"line":756,"column":0},"end":{"line":756,"column":29}},"756":{"start":{"line":757,"column":0},"end":{"line":757,"column":23}},"757":{"start":{"line":758,"column":0},"end":{"line":758,"column":37}},"758":{"start":{"line":759,"column":0},"end":{"line":759,"column":35}},"759":{"start":{"line":760,"column":0},"end":{"line":760,"column":39}},"760":{"start":{"line":761,"column":0},"end":{"line":761,"column":40}},"761":{"start":{"line":762,"column":0},"end":{"line":762,"column":8}},"763":{"start":{"line":764,"column":0},"end":{"line":764,"column":67}},"765":{"start":{"line":766,"column":0},"end":{"line":766,"column":83}},"766":{"start":{"line":767,"column":0},"end":{"line":767,"column":43}},"767":{"start":{"line":768,"column":0},"end":{"line":768,"column":15}},"768":{"start":{"line":769,"column":0},"end":{"line":769,"column":21}},"769":{"start":{"line":770,"column":0},"end":{"line":770,"column":23}},"770":{"start":{"line":771,"column":0},"end":{"line":771,"column":23}},"771":{"start":{"line":772,"column":0},"end":{"line":772,"column":49}},"772":{"start":{"line":773,"column":0},"end":{"line":773,"column":33}},"773":{"start":{"line":774,"column":0},"end":{"line":774,"column":41}},"774":{"start":{"line":775,"column":0},"end":{"line":775,"column":39}},"775":{"start":{"line":776,"column":0},"end":{"line":776,"column":81}},"776":{"start":{"line":777,"column":0},"end":{"line":777,"column":52}},"777":{"start":{"line":778,"column":0},"end":{"line":778,"column":14}},"778":{"start":{"line":779,"column":0},"end":{"line":779,"column":12}},"779":{"start":{"line":780,"column":0},"end":{"line":780,"column":11}},"780":{"start":{"line":781,"column":0},"end":{"line":781,"column":12}},"782":{"start":{"line":783,"column":0},"end":{"line":783,"column":42}},"783":{"start":{"line":784,"column":0},"end":{"line":784,"column":58}},"784":{"start":{"line":785,"column":0},"end":{"line":785,"column":23}},"785":{"start":{"line":786,"column":0},"end":{"line":786,"column":75}},"786":{"start":{"line":787,"column":0},"end":{"line":787,"column":41}},"787":{"start":{"line":788,"column":0},"end":{"line":788,"column":45}},"788":{"start":{"line":789,"column":0},"end":{"line":789,"column":12}},"790":{"start":{"line":791,"column":0},"end":{"line":791,"column":81}},"791":{"start":{"line":792,"column":0},"end":{"line":792,"column":14}},"793":{"start":{"line":794,"column":0},"end":{"line":794,"column":21}},"794":{"start":{"line":795,"column":0},"end":{"line":795,"column":31}},"795":{"start":{"line":796,"column":0},"end":{"line":796,"column":35}},"796":{"start":{"line":797,"column":0},"end":{"line":797,"column":42}},"797":{"start":{"line":798,"column":0},"end":{"line":798,"column":10}},"800":{"start":{"line":801,"column":0},"end":{"line":801,"column":78}},"801":{"start":{"line":802,"column":0},"end":{"line":802,"column":10}},"803":{"start":{"line":804,"column":0},"end":{"line":804,"column":2}}},"s":{"0":0,"11":0,"15":0,"16":0,"17":0,"19":0,"20":0,"23":0,"30":0,"31":0,"32":0,"33":0,"34":0,"36":0,"37":0,"38":0,"39":0,"40":0,"41":0,"42":0,"44":0,"45":0,"46":0,"47":0,"48":0,"49":0,"50":0,"51":0,"52":0,"53":0,"55":0,"56":0,"57":0,"58":0,"59":0,"60":0,"62":0,"63":0,"65":0,"66":0,"67":0,"68":0,"69":0,"71":0,"72":0,"73":0,"74":0,"75":0,"76":0,"77":0,"78":0,"79":0,"81":0,"82":0,"83":0,"84":0,"85":0,"87":0,"88":0,"89":0,"90":0,"92":0,"94":0,"97":0,"98":0,"100":0,"101":0,"102":0,"103":0,"104":0,"105":0,"106":0,"107":0,"108":0,"109":0,"111":0,"112":0,"113":0,"114":0,"115":0,"116":0,"117":0,"118":0,"119":0,"120":0,"121":0,"122":0,"123":0,"125":0,"127":0,"134":0,"135":0,"136":0,"137":0,"138":0,"139":0,"140":0,"141":0,"143":0,"144":0,"145":0,"146":0,"147":0,"148":0,"149":0,"150":0,"151":0,"153":0,"154":0,"155":0,"156":0,"157":0,"158":0,"159":0,"160":0,"162":0,"164":0,"165":0,"166":0,"167":0,"168":0,"169":0,"171":0,"173":0,"174":0,"175":0,"176":0,"177":0,"178":0,"179":0,"180":0,"181":0,"182":0,"184":0,"185":0,"186":0,"187":0,"188":0,"189":0,"190":0,"191":0,"192":0,"194":0,"196":0,"198":0,"202":0,"203":0,"204":0,"205":0,"207":0,"208":0,"209":0,"210":0,"211":0,"212":0,"213":0,"214":0,"215":0,"217":0,"218":0,"219":0,"220":0,"221":0,"222":0,"223":0,"224":0,"226":0,"228":0,"231":0,"232":0,"234":0,"235":0,"236":0,"238":0,"239":0,"240":0,"241":0,"242":0,"243":0,"244":0,"246":0,"247":0,"248":0,"249":0,"250":0,"251":0,"253":0,"254":0,"255":0,"256":0,"257":0,"258":0,"260":0,"262":0,"263":0,"264":0,"266":0,"267":0,"268":0,"269":0,"270":0,"271":0,"272":0,"273":0,"274":0,"275":0,"276":0,"278":0,"279":0,"280":0,"281":0,"282":0,"283":0,"284":0,"285":0,"286":0,"287":0,"288":0,"290":0,"291":0,"292":0,"293":0,"294":0,"295":0,"296":0,"297":0,"298":0,"299":0,"300":0,"301":0,"303":0,"304":0,"305":0,"306":0,"307":0,"308":0,"309":0,"310":0,"311":0,"312":0,"313":0,"314":0,"315":0,"316":0,"318":0,"319":0,"320":0,"321":0,"322":0,"323":0,"324":0,"325":0,"326":0,"327":0,"328":0,"329":0,"330":0,"331":0,"332":0,"334":0,"335":0,"336":0,"337":0,"338":0,"339":0,"340":0,"342":0,"343":0,"344":0,"345":0,"346":0,"348":0,"349":0,"350":0,"351":0,"352":0,"354":0,"355":0,"356":0,"357":0,"358":0,"359":0,"361":0,"363":0,"365":0,"367":0,"368":0,"369":0,"371":0,"373":0,"375":0,"377":0,"378":0,"379":0,"380":0,"381":0,"382":0,"383":0,"384":0,"385":0,"386":0,"387":0,"388":0,"389":0,"390":0,"391":0,"392":0,"393":0,"395":0,"397":0,"401":0,"402":0,"404":0,"405":0,"406":0,"407":0,"408":0,"409":0,"410":0,"411":0,"413":0,"414":0,"415":0,"416":0,"417":0,"418":0,"419":0,"420":0,"422":0,"423":0,"424":0,"426":0,"428":0,"429":0,"430":0,"431":0,"432":0,"434":0,"435":0,"436":0,"437":0,"438":0,"439":0,"440":0,"442":0,"454":0,"455":0,"456":0,"458":0,"459":0,"460":0,"461":0,"462":0,"463":0,"464":0,"467":0,"468":0,"469":0,"471":0,"472":0,"473":0,"474":0,"475":0,"476":0,"478":0,"479":0,"480":0,"481":0,"482":0,"483":0,"484":0,"485":0,"486":0,"487":0,"489":0,"490":0,"492":0,"493":0,"495":0,"496":0,"497":0,"498":0,"501":0,"502":0,"503":0,"504":0,"505":0,"508":0,"509":0,"510":0,"511":0,"514":0,"515":0,"516":0,"517":0,"518":0,"519":0,"520":0,"521":0,"522":0,"524":0,"525":0,"526":0,"527":0,"528":0,"529":0,"530":0,"531":0,"532":0,"533":0,"534":0,"535":0,"537":0,"538":0,"539":0,"540":0,"541":0,"542":0,"543":0,"544":0,"545":0,"546":0,"547":0,"549":0,"550":0,"551":0,"552":0,"553":0,"554":0,"555":0,"556":0,
[...]
line":425,"column":2}},"426":{"start":{"line":427,"column":0},"end":{"line":427,"column":95}},"428":{"start":{"line":429,"column":0},"end":{"line":429,"column":12}},"429":{"start":{"line":430,"column":0},"end":{"line":430,"column":68}},"430":{"start":{"line":431,"column":0},"end":{"line":431,"column":68}},"431":{"start":{"line":432,"column":0},"end":{"line":432,"column":59}},"432":{"start":{"line":433,"column":0},"end":{"line":433,"column":31}},"433":{"start":{"line":434,"column":0},"end":{"line":434,"column":3}},"436":{"start":{"line":437,"column":0},"end":{"line":437,"column":25}},"437":{"start":{"line":438,"column":0},"end":{"line":438,"column":79}},"438":{"start":{"line":439,"column":0},"end":{"line":439,"column":60}},"439":{"start":{"line":440,"column":0},"end":{"line":440,"column":79}},"440":{"start":{"line":441,"column":0},"end":{"line":441,"column":10}},"441":{"start":{"line":442,"column":0},"end":{"line":442,"column":35}},"442":{"start":{"line":443,"column":0},"end":{"line":443,"column":76}},"443":{"start":{"line":444,"column":0},"end":{"line":444,"column":5}},"444":{"start":{"line":445,"column":0},"end":{"line":445,"column":53}},"445":{"start":{"line":446,"column":0},"end":{"line":446,"column":2}}},"s":{"0":1,"4":1,"5":1,"6":1,"12":1,"14":1,"15":1,"16":1,"17":1,"19":1,"20":1,"21":1,"23":1,"24":1,"25":1,"28":1,"30":1,"31":1,"32":1,"33":1,"34":1,"35":1,"36":1,"38":1,"39":1,"40":1,"41":1,"42":1,"44":1,"45":1,"46":1,"47":1,"48":1,"49":1,"50":1,"51":1,"52":1,"53":1,"55":1,"56":1,"57":1,"59":1,"60":1,"61":1,"62":1,"63":1,"66":1,"67":135348,"68":135348,"69":135348,"70":135348,"72":135348,"74":135348,"75":135348,"77":135348,"78":135348,"81":1,"82":30026,"83":30026,"84":30026,"85":30026,"86":30026,"87":30026,"88":105205,"89":30026,"90":30026,"93":1,"94":1375,"95":113,"96":1262,"98":1375,"100":1375,"101":1375,"104":1375,"105":113,"106":1262,"108":1375,"109":9738,"110":9738,"111":9512,"112":678,"113":8834,"114":9512,"115":9512,"116":9512,"117":9512,"118":9512,"119":9399,"120":9399,"121":9512,"122":1375,"125":1375,"126":1375,"127":1375,"128":1375,"129":1375,"130":1375,"131":1375,"132":1375,"133":1375,"134":1375,"135":1375,"136":1375,"137":1375,"138":1375,"139":1375,"140":1375,"141":1375,"142":1375,"143":1375,"144":22000,"145":22000,"146":20625,"149":20625,"150":5500,"151":5500,"152":5500,"153":20625,"154":13750,"155":13750,"156":13750,"157":15125,"158":0,"159":1375,"160":1375,"161":1375,"162":0,"163":0,"165":20625,"166":20625,"167":20625,"168":20625,"169":20625,"170":20625,"171":20625,"172":20625,"173":1375,"176":1375,"177":1046,"178":1046,"179":1046,"181":1375,"182":1375,"185":1,"186":351,"187":351,"188":351,"191":1,"192":1,"195":1,"196":1,"198":1,"199":1,"200":1,"202":1,"203":1,"204":1,"206":1,"207":1,"209":1,"210":1,"211":1,"212":1,"213":1,"215":1,"217":1,"218":1,"219":1,"220":1,"221":1,"222":1,"224":1,"225":1,"227":1,"228":1,"229":1,"230":1,"231":1,"232":1,"233":1,"234":1,"235":1,"236":1,"238":1,"239":352,"240":352,"241":352,"242":352,"243":352,"244":232,"245":232,"246":232,"247":232,"248":232,"249":232,"250":232,"251":352,"252":352,"253":104,"254":104,"255":104,"256":104,"257":104,"258":104,"259":104,"260":352,"261":352,"262":2,"263":2,"264":2,"265":2,"266":2,"267":2,"268":2,"269":352,"270":352,"271":1,"272":1,"273":1,"274":1,"275":1,"276":1,"277":1,"278":352,"279":352,"280":2,"281":2,"282":2,"283":2,"284":2,"285":2,"286":2,"287":352,"288":352,"289":1,"290":1,"291":1,"292":1,"293":1,"294":1,"295":1,"296":352,"297":352,"298":2,"299":2,"300":2,"301":2,"302":2,"303":2,"304":2,"305":352,"306":352,"307":2,"308":2,"309":2,"310":2,"311":2,"312":2,"313":2,"314":352,"315":352,"316":2,"317":2,"318":2,"319":2,"320":2,"321":2,"322":2,"323":352,"324":352,"325":1,"326":1,"327":1,"328":1,"329":1,"330":1,"331":1,"332":352,"333":352,"334":2,"335":2,"337":2,"338":2,"339":2,"340":2,"341":2,"342":2,"343":2,"344":2,"345":2,"346":2,"347":2,"348":2,"349":2,"350":2,"351":352,"352":352,"353":352,"355":1,"356":352,"359":352,"362":352,"363":352,"364":352,"365":352,"366":352,"369":352,"370":2,"371":2,"372":2,"373":2,"374":2,"375":2,"378":2,"379":1,"380":1,"381":4,"382":4,"383":4,"384":1,"385":1,"386":1,"387":1,"388":1,"389":1,"390":1,"392":2,"394":350,"395":350,"396":350,"397":350,"398":350,"399":350,"400":350,"401":350,"404":352,"405":1435,"407":1435,"408":1435,"409":1435,"412":1435,"413":187,"414":187,"416":1050,"417":1050,"419":350,"420":350,"421":350,"422":350,"423":350,"424":350,"426":1,"428":1021,"429":1020,"430":1020,"431":1020,"432":1020,"433":1020,"436":1,"437":1,"438":1,"439":1,"440":1,"441":1,"442":1,"443":1,"444":1,"445":1},"branchMap":{"0":{"type":"branch","line":67,"loc":{"start":{"line":67,"column":22},"end":{"line":79,"column":2}},"locations":[{"start":{"line":67,"column":22},"end":{"line":79,"column":2}}]},"1":{"type":"branch","line":73,"loc":{"start":{"line":73,"column":41},"end":{"line":73,"column":53}},"locations":[{"start":{"line":73,"column":41},"end":{"line":73,"column":53}}]},"2":{"type":"branch","line":82,"loc":{"start":{"line":82,"column":27},"end":{"line":91,"column":2}},"locations":[{"start":{"line":82,"column":27},"end":{"line":91,"column":2}}]},"3":{"type":"branch","line":88,"loc":{"start":{"line":88,"column":23},"end":{"line":90,"column":3}},"locations":[{"start":{"line":88,"column":23},"end":{"line":90,"column":3}}]},"4":{"type":"branch","line":94,"loc":{"start":{"line":94,"column":23},"end":{"line":183,"column":2}},"locations":[{"start":{"line":94,"column":23},"end":{"line":183,"column":2}}]},"5":{"type":"branch","line":95,"loc":{"start":{"line":95,"column":19},"end":{"line":96,"column":60}},"locations":[{"start":{"line":95,"column":19},"end":{"line":96,"column":60}}]},"6":{"type":"branch","line":96,"loc":{"start":{"line":96,"column":59},"end":{"line":97,"column":61}},"locations":[{"start":{"line":96,"column":59},"end":{"line":97,"column":61}}]},"7":{"type":"branch","line":99,"loc":{"start":{"line":99,"column":23},"end":{"line":99,"column":33}},"locations":[{"start":{"line":99,"column":23},"end":{"line":99,"column":33}}]},"8":{"type":"branch","line":101,"loc":{"start":{"line":101,"column":19},"end":{"line":101,"column":52}},"locations":[{"start":{"line":101,"column":19},"end":{"line":101,"column":52}}]},"9":{"type":"branch","line":101,"loc":{"start":{"line":101,"column":48},"end":{"line":101,"column":73}},"locations":[{"start":{"line":101,"column":48},"end":{"line":101,"column":73}}]},"10":{"type":"branch","line":105,"loc":{"start":{"line":105,"column":23},"end":{"line":106,"column":54}},"locations":[{"start":{"line":105,"column":23},"end":{"line":106,"column":54}}]},"11":{"type":"branch","line":106,"loc":{"start":{"line":106,"column":53},"end":{"line":107,"column":50}},"locations":[{"start":{"line":106,"column":53},"end":{"line":107,"column":50}}]},"12":{"type":"branch","line":177,"loc":{"start":{"line":177,"column":19},"end":{"line":180,"column":3}},"locations":[{"start":{"line":177,"column":19},"end":{"line":180,"column":3}}]},"13":{"type":"branch","line":109,"loc":{"start":{"line":109,"column":23},"end":{"line":123,"column":3}},"locations":[{"start":{"line":109,"column":23},"end":{"line":123,"column":3}}]},"14":{"type":"branch","line":111,"loc":{"start":{"line":111,"column":19},"end":{"line":122,"column":5}},"locations":[{"start":{"line":111,"column":19},"end":{"line":122,"column":5}}]},"15":{"type":"branch","line":112,"loc":{"start":{"line":112,"column":29},"end":{"line":113,"column":40}},"locations":[{"start":{"line":112,"column":29},"end":{"line":113,"column":40}}]},"16":{"type":"branch","line":113,"loc":{"start":{"line":113,"column":38},"end":{"line":114,"column":41}},"locations":[{"start":{"line":113,"column":38},"end":{"line":114,"column":41}}]},"17":{"type":"branch","line":119,"loc":{"start":{"line":119,"column":26},"end":{"line":121,"column":7}},"locations":[{"start":{"line":119,"column":26},"end":{"line":121,"column":7}}]},"18":{"type":"branch","line":144,"loc":{"start":{"line":144,"column":25},"end":{"line":174,"column":3}},"locations":[{"start":{"line":144,"column":25},"end":{"line":174,"column":3}}]},"19":{"type":"branch","line":146,"loc":{"start":{"line":146,"column":19},"end":{"line":173,"column":5}},"locations":[{"start":{"line":146,"column":19},"end":{"line":173,"column":5}}]},"20":{"type":"branch","line":150,"loc":{"start":{"line":150,"column":39},"end":{"line":154,"column":17}},"locations":[{"start":{"line":150,"column":39},"end":{"line":154,"column":17}}]},"21":{"type":"branch","line":153,"loc":{"start":{"line":153,"column":31},"end":{"line":153,"column":86}},"locations":[{"start":{"line":153,"column":31},"end":{"line":153,"column":86}}]},"22":{"type":"branch","line":154,"loc":{"start":{"line":154,"column":6},"end":{"line":164,"column":7}},"locations":[{"start":{"line":154,"column":6},"end":{"line":164,"column":7}}]},"23":{"type":"branch","line":154,"loc":{"start":{"line":154,"column":41},"end":{"line":154,"column":74}},"locations":[{"start":{"line":154,"column":41},"end":{"line":154,"column":74}}]},"24":{"type":"branch","line":154,"loc":{"start":{"line":154,"column":74},"end":{"line":158,"column":17}},"locations":[{"start":{"line":154,"column":74},"end":{"line":158,"column":17}}]},"25":{"type":"branch","line":157,"loc":{"start":{"line":157,"column":31},"end":{"line":157,"column":82}},"locations":[{"start":{"line":157,"column":31},"end":{"line":157,"column":82}}]},"26":{"type":"branch","line":158,"loc":{"start":{"line":158,"column":6},"end":{"line":164,"column":7}},"locations":[{"start":{"line":158,"column":6},"end":{"line":164,"column":7}}]},"27":{"type":"branch","line":158,"loc":{"start":{"line":158,"column":39},"end":{"line":160,"column":17}},"locations":[{"start":{"line":158,"column":39},"end":{"line":160,"column":17}}]},"28":{"type":"branch","line":162,"loc":{"start":{"line":162,"column":6},"end":{"line":164,"column":7}},"locations":[{"start":{"line":162,"column":6},"end":{"line":164,"column":7}}]},"29":{"type":"branch","line":186,"loc":{"start":{"line":186,"column":21},"end":{"line":189,"column":2}},"locations":[{"start":{"line":186,"column":21},"end":{"line":189,"column":2}}]},"30":{"type":"branch","line":187,"loc":{"start":{"line":187,"column":15},"end":{"line":187,"column":38}},"locations":[{"start":{"line":187,"column":15},"end":{"line":187,"column":38}}]},"31":{"type":"branch","line":187,"loc":{"start":{"line":187,"column":25},"end":{"line":187,"column":49}},"locations":[{"start":{"line":187,"column":25},"end":{"line":187,"column":49}}]},"32":{"type":"branch","line":239,"loc":{"start":{"line":239,"column":23},"end":{"line":354,"column":2}},"locations":[{"start":{"line":239,"column":23},"end":{"line":354,"column":2}}]},"33":{"type":"branch","line":244,"loc":{"start":{"line":244,"column":27},"end":{"line":252,"column":5}},"locations":[{"start":{"line":244,"column":27},"end":{"line":252,"column":5}}]},"34":{"type":"branch","line":250,"loc":{"start":{"line":250,"column":26},"end":{"line":250,"column":61}},"locations":[{"start":{"line":250,"column":26},"end":{"line":250,"column":61}}]},"35":{"type":"branch","line":253,"loc":{"start":{"line":253,"column":27},"end":{"line":261,"column":5}},"locations":[{"start":{"line":253,"column":27},"end":{"line":261,"column":5}}]},"36":{"type":"branch","line":262,"loc":{"start":{"line":262,"column":32},"end":{"line":270,"column":5}},"locations":[{"start":{"line":262,"column":32},"end":{"line":270,"column":5}}]},"37":{"type":"branch","line":271,"loc":{"start":{"line":271,"column":39},"end":{"line":279,"column":5}},"locations":[{"start":{"line":271,"column":39},"end":{"line":279,"column":5}}]},"38":{"type":"branch","line":280,"loc":{"start":{"line":280,"column":40},"end":{"line":288,"column":5}},"locations":[{"start":{"line":280,"column":40},"end":{"line":288,"column":5}}]},"39":{"type":"branch","line":289,"loc":{"start":{"line":289,"column":34},"end":{"line":297,"column":5}},"locations":[{"start":{"line":289,"column":34},"end":{"line":297,"column":5}}]},"40":{"type":"branch","line":298,"loc":{"start":{"line":298,"column":31},"end":{"line":306,"column":5}},"locations":[{"start":{"line":298,"column":31},"end":{"line":306,"column":5}}]},"41":{"type":"branch","line":307,"loc":{"start":{"line":307,"column":33},"end":{"line":315,"column":5}},"locations":[{"start":{"line":307,"column":33},"end":{"line":315,"column":5}}]},"42":{"type":"branch","line":316,"loc":{"start":{"line":316,"column":28},"end":{"line":324,"column":5}},"locations":[{"start":{"line":316,"column":28},"end":{"line":324,"column":5}}]},"43":{"type":"branch","line":325,"loc":{"start":{"line":325,"column":27},"end":{"line":333,"column":5}},"locations":[{"start":{"line":325,"column":27},"end":{"line":333,"column":5}}]},"44":{"type":"branch","line":334,"loc":{"start":{"line":334,"column":30},"end":{"line":352,"column":5}},"locations":[{"start":{"line":334,"column":30},"end":{"line":352,"column":5}}]},"45":{"type":"branch","line":356,"loc":{"start":{"line":356,"column":35},"end":{"line":425,"column":2}},"locations":[{"start":{"line":356,"column":35},"end":{"line":425,"column":2}}]},"46":{"type":"branch","line":370,"loc":{"start":{"line":370,"column":35},"end":{"line":393,"column":3}},"locations":[{"start":{"line":370,"column":35},"end":{"line":393,"column":3}}]},"47":{"type":"branch","line":379,"loc":{"start":{"line":379,"column":29},"end":{"line":391,"column":5}},"locations":[{"start":{"line":379,"column":29},"end":{"line":391,"column":5}}]},"48":{"type":"branch","line":380,"loc":{"start":{"line":380,"column":72},"end":{"line":380,"column":90}},"locations":[{"start":{"line":380,"column":72},"end":{"line":380,"column":90}}]},"49":{"type":"branch","line":381,"loc":{"start":{"line":381,"column":22},"end":{"line":381,"column":33}},"locations":[{"start":{"line":381,"column":22},"end":{"line":381,"column":33}}]},"50":{"type":"branch","line":393,"loc":{"start":{"line":393,"column":2},"end":{"line":405,"column":28}},"locations":[{"start":{"line":393,"column":2},"end":{"line":405,"column":28}}]},"51":{"type":"branch","line":405,"loc":{"start":{"line":405,"column":28},"end":{"line":418,"column":3}},"locations":[{"start":{"line":405,"column":28},"end":{"line":418,"column":3}}]},"52":{"type":"branch","line":408,"loc":{"start":{"line":408,"column":15},"end":{"line":408,"column":24}},"locations":[{"start":{"line":408,"column":15},"end":{"line":408,"column":24}}]},"53":{"type":"branch","line":410,"loc":{"start":{"line":410,"column":16},"end":{"line":410,"column":25}},"locations":[{"start":{"line":410,"column":16},"end":{"line":410,"column":25}}]},"54":{"type":"branch","line":410,"loc":{"start":{"line":410,"column":16},"end":{"line":413,"column":74}},"locations":[{"start":{"line":410,"column":16},"end":{"line":413,"column":74}}]},"55":{"type":"branch","line":413,"loc":{"start":{"line":413,"column":66},"end":{"line":413,"column":95}},"locations":[{"start":{"line":413,"column":66},"end":{"line":413,"column":95}}]},"56":{"type":"branch","line":413,"loc":{"start":{"line":413,"column":95},"end":{"line":415,"column":5}},"locations":[{"start":{"line":413,"column":95},"end":{"line":415,"column":5}}]},"57":{"type":"branch","line":415,"loc":{"start":{"line":415,"column":4},"end":{"line":418,"column":3}},"locations":[{"start":{"line":415,"column":4},"end":{"line":418,"column":3}}]},"58":{"type":"branch","line":418,"loc":{"start":{"line":418,"column":2},"end":{"line":425,"column":2}},"locations":[{"start":{"line":418,"column":2},"end":{"line":425,"column":2}}]},"59":{"type":"branch","line":364,"loc":{"start":{"line":364,"column":45},"end":{"line":364,"column":54}},"locations":[{"start":{"line":364,"column":45},"end":{"line":364,"column":54}}]},"60":{"type":"branch","line":365,"loc":{"start":{"line":365,"column":47},"end":{"line":365,"column":59}},"locations":[{"start":{"line":365,"column":47},"end":{"line":365,"column":59}}]},"61":{"type":"branch","line":366,"loc":{"start":{"line":366,"column":33},"end":{"line":366,"column":44}},"locations":[{"start":{"line":366,"column":33},"end":{"line":366,"column":44}}]},"62":{"type":"branch","line":367,"loc":{"start":{"line":367,"column":15},"end":{"line":367,"column":24}},"locations":[{"start":{"line":367,"column":15},"end":{"line":367,"column":24}}]},"63":{"type":"branch","line":381,"loc":{"start":{"line":381,"column":37},"end":{"line":385,"column":8}},"locations":[{"start":{"line":381,"column":37},"end":{"line":385,"column":8}}]},"64":{"type":"branch","line":383,"loc":{"start":{"line":383,"column":24},"end":{"line":383,"column":32}},"locations":[{"start":{"line":383,"column":24},"end":{"line":383,"column":32}}]},"65":{"type":"branch","line":427,"loc":{"start":{"line":427,"column":29},"end":{"line":446,"column":2}},"locations":[{"start":{"line":427,"column":29},"end":{"line":446,"column":2}}]},"66":{"type":"branch","line":429,"loc":{"start":{"line":429,"column":11},"end":{"line":434,"column":3}},"locations":[{"start":{"line":429,"column":11},"end":{"line":434,"column":3}}]},"67":{"type":"branch","line":431,"loc":{"start":{"line":431,"column":40},"end":{"line":431,"column":68}},"locations":[{"start":{"line":431,"column":40},"end":{"line":431,"column":68}}]},"68":{"type":"branch","line":433,"loc":{"start":{"line":433,"column":23},"end":{"line":433,"column":31}},"locations":[{"start":{"line":433,"column":23},"end":{"line":433,"column":31}}]},"69":{"type":"branch","line":434,"loc":{"start":{"line":434,"column":2},"end":{"line":446,"column":2}},"locations":[{"start":{"line":434,"column":2},"end":{"line":446,"column":2}}]},"70":{"type":"branch","line":445,"loc":{"start":{"line":445,"column":15},"end":{"line":445,"column":51}},"locations":[{"start":{"line":445,"column":15},"end":{"line":445,"column":51}}]},"71":{"type":"branch","line":445,"loc":{"start":{"line":445,"column":44},"end":{"line":445,"column":51}},"locations":[{"start":{"line":445,"column":44},"end":{"line":445,"column":51}}]}},"b":{"0":[135348],"1":[0],"2":[30026],"3":[105205],"4":[1375],"5":[113],"6":[1262],"7":[0],"8":[113],"9":[1262],"10":[113],"11":[1262],"12":[1046],"13":[9738],"14":[9512],"15":[678],"16":[8834],"17":[9399],"18":[22000],"19":[20625],"20":[5500],"21":[4125],"22":[15125],"23":[13750],"24":[13750],"25":[6875],"26":[1375],"27":[0],"28":[0],"29":[351],"30":[106],"31":[245],"32":[352],"33":[232],"34":[0],"35":[104],"36":[2],"37":[1],"38":[2],"39":[1],"40":[2],"41":[2],"42":[2],"43":[1],"44":[2],"45":[352],"46":[2],"47":[1],"48":[0],"49":[0],"50":[350],"51":[1435],"52":[0],"53":[198],"54":[1237],"55":[241],"56":[187],"57":[1050],"58":[350],"59":[106],"60":[3],"61":[2],"62":[240],"63":[4],"64":[0],"65":[1021],"66":[1020],"67":[1015],"68":[3],"69":[1],"70":[1],"71":[0]},"fnMap":{"0":{"name":"transposeNote","decl":{"start":{"line":67,"column":22},"end":{"line":79,"column":2}},"loc":{"start":{"line":67,"column":22},"end":{"line":79,"column":2}},"line":67},"1":{"name":"generateChordNotes","decl":{"start":{"line":82,"column":27},"end":{"line":91,"column":2}},"loc":{"start":{"line":82,"column":27},"end":{"line":91,"column":2}},"line":82},"2":{"name":"generateKeyMap","decl":{"start":{"line":94,"column":23},"end":{"line":183,"column":2}},"loc":{"start":{"line":94,"column":23},"end":{"line":183,"column":2}},"line":94},"3":{"name":"getRandomKey","decl":{"start":{"line":186,"column":21},"end":{"line":189,"column":2}},"loc":{"start":{"line":186,"column":21},"end":{"line":189,"column":2}},"line":186},"4":{"name":"getLevelConfig","decl":{"start":{"line":239,"column":23},"end":{"line":354,"column":2}},"loc":{"start":{"line":239,"column":23},"end":{"line":354,"column":2}},"line":239},"5":{"name":"generateProgression","decl":{"start":{"line":356,"column":35},"end":{"line":425,"column":2}},"loc":{"start":{"line":356,"column":35},"end":{"line":425,"column":2}},"line":356},"6":{"name":"getChordNotes","decl":{"start":{"line":427,"column":29},"end":{"line":446,"column":2}},"loc":{"start":{"line":427,"column":29},"end":{"line":446,"column":2}},"line":427}},"f":{"0":135348,"1":30026,"2":1375,"3":351,"4":352,"5":352,"6":1021}}
}
